#
# There is insufficient memory for the Java Runtime Environment to continue.
# Native memory allocation (mmap) failed to map 715128832 bytes for Failed to commit area from 0x0000000095900000 to 0x00000000c0300000 of length 715128832.
# Possible reasons:
#   The system is out of physical RAM or swap space
#   The process is running with CompressedOops enabled, and the Java Heap may be blocking the growth of the native heap
# Possible solutions:
#   Reduce memory load on the system
#   Increase physical memory or swap space
#   Check if swap backing store is full
#   Decrease Java heap size (-Xmx/-Xms)
#   Decrease number of Java threads
#   Decrease Java thread stack sizes (-Xss)
#   Set larger code cache with -XX:ReservedCodeCacheSize=
#   JVM is running with Unscaled Compressed Oops mode in which the Java heap is
#     placed in the first 4GB address space. The Java Heap base address is the
#     maximum limit for the native heap growth. Please use -XX:HeapBaseMinAddress
#     to set the Java Heap base and to place the Java Heap above 4GB virtual address.
# This output file may be truncated or incomplete.
#
#  Out of Memory Error (./src/hotspot/os/windows/os_windows.cpp:3619), pid=1080, tid=6024
#
# JRE version: OpenJDK Runtime Environment (11.0.13) (build 11.0.13+0-b1751.21-8125866)
# Java VM: OpenJDK 64-Bit Server VM (11.0.13+0-b1751.21-8125866, mixed mode, tiered, compressed oops, g1 gc, windows-amd64)
# No core dump will be written. Minidumps are not enabled by default on client versions of Windows
#

---------------  S U M M A R Y ------------

Command Line: --add-opens=java.base/java.util=ALL-UNNAMED --add-opens=java.base/java.lang=ALL-UNNAMED --add-opens=java.base/java.lang.invoke=ALL-UNNAMED --add-opens=java.base/java.util=ALL-UNNAMED --add-opens=java.prefs/java.util.prefs=ALL-UNNAMED --add-opens=java.prefs/java.util.prefs=ALL-UNNAMED --add-opens=java.base/java.nio.charset=ALL-UNNAMED --add-opens=java.base/java.net=ALL-UNNAMED --add-opens=java.base/java.util.concurrent.atomic=ALL-UNNAMED -Xmx2048m -Dfile.encoding=UTF-8 -Duser.country=US -Duser.language=en -Duser.variant org.gradle.launcher.daemon.bootstrap.GradleDaemon 7.4

Host: Intel(R) Core(TM) i5-3320M CPU @ 2.60GHz, 4 cores, 3G,  Windows 7 , 64 bit Build 7601 (6.1.7601.24545)
Time: Mon Apr 24 12:54:52 2023 SE Asia Standard Time elapsed time: 79.463525 seconds (0d 0h 1m 19s)

---------------  T H R E A D  ---------------

Current thread (0x000000005d738800):  VMThread "VM Thread" [stack: 0x000000005d920000,0x000000005da20000] [id=6024]

Stack: [0x000000005d920000,0x000000005da20000]
[error occurred during error reporting (printing stack bounds), id 0xc0000005, EXCEPTION_ACCESS_VIOLATION (0xc0000005) at pc=0x0000000005fa112d]

Native frames: (J=compiled Java code, j=interpreted, Vv=VM code, C=native code)
V  [jvm.dll+0x6100fa]
V  [jvm.dll+0x747090]
V  [jvm.dll+0x7486ad]
V  [jvm.dll+0x748ce5]
V  [jvm.dll+0x748c9b]
V  [jvm.dll+0x60f224]
V  [jvm.dll+0x60f9b8]
C  [ntdll.dll+0x6be9d]
C  [ntdll.dll+0x4040a]
C  [ntdll.dll+0x6b53e]
C  0x0000000005fa112d

VM_Operation (0x0000000071a4bd60): G1CollectForAllocation, mode: safepoint, requested by thread 0x0000000067aad800


---------------  P R O C E S S  ---------------

Threads class SMR info:
_java_thread_list=0x000000006da8a110, length=93, elements={
0x000000000056b800, 0x000000005d73d000, 0x000000005d73e000, 0x000000005d751800,
0x000000005d755000, 0x000000005d758800, 0x000000005d75d800, 0x000000005d7b6000,
0x000000005d7bf000, 0x000000005e7dd000, 0x000000005fd77000, 0x000000005f8b0000,
0x0000000060d13000, 0x0000000060d81000, 0x0000000060c1f000, 0x0000000060c20000,
0x0000000060cfc000, 0x0000000060cff800, 0x0000000060d4a800, 0x0000000060d51000,
0x0000000060d52000, 0x0000000060d52800, 0x0000000060d53800, 0x0000000060d54800,
0x0000000060d55000, 0x0000000060d56000, 0x0000000060d57000, 0x00000000649a7000,
0x00000000649a7800, 0x00000000649ab000, 0x00000000649ab800, 0x00000000649ac800,
0x00000000649ad800, 0x00000000665d3000, 0x00000000665d3800, 0x00000000665d4800,
0x00000000665d5800, 0x00000000665d6000, 0x00000000665d7000, 0x00000000665d8000,
0x00000000665d8800, 0x00000000665d9800, 0x0000000067454800, 0x0000000067455000,
0x0000000067456000, 0x0000000067457000, 0x0000000067457800, 0x0000000067458800,
0x0000000067459000, 0x000000006745a000, 0x000000006745b000, 0x00000000640e9000,
0x00000000640e9800, 0x00000000640ea800, 0x00000000640eb800, 0x00000000640ec000,
0x00000000640ed000, 0x00000000640ed800, 0x00000000640ee800, 0x00000000640ef800,
0x0000000064975000, 0x0000000064975800, 0x0000000064976800, 0x0000000064977800,
0x0000000064978000, 0x0000000064979000, 0x000000006497a000, 0x000000006497a800,
0x000000006497b800, 0x000000006646d800, 0x000000006646e800, 0x000000006646f800,
0x0000000066470000, 0x0000000066471000, 0x0000000066472800, 0x0000000066473800,
0x0000000066474800, 0x0000000067aa9800, 0x0000000067aaa800, 0x0000000067aab000,
0x0000000067aac000, 0x0000000067aad000, 0x0000000067aae800, 0x0000000067aaf800,
0x0000000067aad800, 0x0000000067ab0000, 0x000000005fcb6000, 0x000000005fcb7000,
0x0000000065d88000, 0x0000000065d89800, 0x0000000065d8a800, 0x00000000680f9800,
0x00000000680fa800
}

Java Threads: ( => current thread )
  0x000000000056b800 JavaThread "main" [_thread_blocked, id=8052, stack(0x0000000002190000,0x0000000002290000)]
  0x000000005d73d000 JavaThread "Reference Handler" daemon [_thread_blocked, id=1496, stack(0x000000005dac0000,0x000000005dbc0000)]
  0x000000005d73e000 JavaThread "Finalizer" daemon [_thread_blocked, id=4968, stack(0x000000005dc20000,0x000000005dd20000)]
  0x000000005d751800 JavaThread "Signal Dispatcher" daemon [_thread_blocked, id=6848, stack(0x000000005df00000,0x000000005e000000)]
  0x000000005d755000 JavaThread "Attach Listener" daemon [_thread_blocked, id=4820, stack(0x000000005dd50000,0x000000005de50000)]
  0x000000005d758800 JavaThread "Service Thread" daemon [_thread_blocked, id=7808, stack(0x000000005e0b0000,0x000000005e1b0000)]
  0x000000005d75d800 JavaThread "C2 CompilerThread0" daemon [_thread_blocked, id=5312, stack(0x000000005e370000,0x000000005e470000)]
  0x000000005d7b6000 JavaThread "C1 CompilerThread0" daemon [_thread_blocked, id=6304, stack(0x000000005e4a0000,0x000000005e5a0000)]
  0x000000005d7bf000 JavaThread "Sweeper thread" daemon [_thread_blocked, id=6692, stack(0x000000005e620000,0x000000005e720000)]
  0x000000005e7dd000 JavaThread "Common-Cleaner" daemon [_thread_blocked, id=7692, stack(0x000000005e240000,0x000000005e340000)]
  0x000000005fd77000 JavaThread "Daemon health stats" [_thread_blocked, id=5168, stack(0x0000000061c40000,0x0000000061d40000)]
  0x000000005f8b0000 JavaThread "Incoming local TCP Connector on port 51612" [_thread_in_native, id=8068, stack(0x0000000062140000,0x0000000062240000)]
  0x0000000060d13000 JavaThread "Daemon periodic checks" [_thread_blocked, id=7792, stack(0x0000000062440000,0x0000000062540000)]
  0x0000000060d81000 JavaThread "Daemon" [_thread_blocked, id=4324, stack(0x00000000625f0000,0x00000000626f0000)]
  0x0000000060c1f000 JavaThread "Handler for socket connection from /127.0.0.1:51612 to /127.0.0.1:51613" [_thread_in_native, id=6796, stack(0x000000005eb50000,0x000000005ec50000)]
  0x0000000060c20000 JavaThread "Cancel handler" [_thread_blocked, id=6560, stack(0x0000000062700000,0x0000000062800000)]
  0x0000000060cfc000 JavaThread "Daemon worker" [_thread_blocked, id=7548, stack(0x0000000062880000,0x0000000062980000)]
  0x0000000060cff800 JavaThread "Asynchronous log dispatcher for DefaultDaemonConnection: socket connection from /127.0.0.1:51612 to /127.0.0.1:51613" [_thread_blocked, id=6372, stack(0x0000000062a10000,0x0000000062b10000)]
  0x0000000060d4a800 JavaThread "Daemon client event forwarder" [_thread_blocked, id=7736, stack(0x0000000062d00000,0x0000000062e00000)]
  0x0000000060d51000 JavaThread "Cache worker for journal cache (C:\Users\LENOVO\.gradle\caches\journal-1)" [_thread_blocked, id=1340, stack(0x00000000634e0000,0x00000000635e0000)]
  0x0000000060d52000 JavaThread "File lock request listener" [_thread_in_native, id=7440, stack(0x0000000063680000,0x0000000063780000)]
  0x0000000060d52800 JavaThread "Cache worker for file hash cache (C:\Users\LENOVO\.gradle\caches\7.4\fileHashes)" [_thread_blocked, id=6916, stack(0x0000000063870000,0x0000000063970000)]
  0x0000000060d53800 JavaThread "Cache worker for checksums cache (C:\Users\LENOVO\Downloads\Compressed\Refi's\AndroidStudio\RekomenApp\.gradle\7.4\checksums)" [_thread_blocked, id=3184, stack(0x0000000063d70000,0x0000000063e70000)]
  0x0000000060d54800 JavaThread "Cache worker for cache directory md-rule (C:\Users\LENOVO\.gradle\caches\7.4\md-rule)" [_thread_blocked, id=3848, stack(0x0000000063320000,0x0000000063420000)]
  0x0000000060d55000 JavaThread "Cache worker for file hash cache (C:\Users\LENOVO\Downloads\Compressed\Refi's\AndroidStudio\RekomenApp\.gradle\7.4\fileHashes)" [_thread_blocked, id=4984, stack(0x00000000654e0000,0x00000000655e0000)]
  0x0000000060d56000 JavaThread "Cache worker for cache directory md-supplier (C:\Users\LENOVO\.gradle\caches\7.4\md-supplier)" [_thread_blocked, id=7388, stack(0x00000000658a0000,0x00000000659a0000)]
  0x0000000060d57000 JavaThread "Cache worker for execution history cache (C:\Users\LENOVO\.gradle\caches\7.4\executionHistory)" [_thread_blocked, id=2092, stack(0x0000000066c60000,0x0000000066d60000)]
  0x00000000649a7000 JavaThread "jar transforms" [_thread_blocked, id=8080, stack(0x0000000066b10000,0x0000000066c10000)]
  0x00000000649a7800 JavaThread "Cache worker for file content cache (C:\Users\LENOVO\.gradle\caches\7.4\fileContent)" [_thread_blocked, id=5664, stack(0x0000000068910000,0x0000000068a10000)]
  0x00000000649ab000 JavaThread "jar transforms Thread 2" [_thread_blocked, id=3816, stack(0x0000000068660000,0x0000000068760000)]
  0x00000000649ab800 JavaThread "Cache worker for dependencies-accessors (C:\Users\LENOVO\Downloads\Compressed\Refi's\AndroidStudio\RekomenApp\.gradle\7.4\dependencies-accessors)" [_thread_blocked, id=7740, stack(0x0000000068a60000,0x0000000068b60000)]
  0x00000000649ac800 JavaThread "jar transforms Thread 3" [_thread_blocked, id=6208, stack(0x0000000068dd0000,0x0000000068ed0000)]
  0x00000000649ad800 JavaThread "Cache worker for Build Output Cleanup Cache (C:\Users\LENOVO\Downloads\Compressed\Refi's\AndroidStudio\RekomenApp\.gradle\buildOutputCleanup)" [_thread_blocked, id=7152, stack(0x0000000065a00000,0x0000000065b00000)]
  0x00000000665d3000 JavaThread "Unconstrained build operations" [_thread_blocked, id=8084, stack(0x0000000069370000,0x0000000069470000)]
  0x00000000665d3800 JavaThread "Unconstrained build operations Thread 2" [_thread_blocked, id=4712, stack(0x00000000694a0000,0x00000000695a0000)]
  0x00000000665d4800 JavaThread "Unconstrained build operations Thread 3" [_thread_blocked, id=6676, stack(0x00000000687c0000,0x00000000688c0000)]
  0x00000000665d5800 JavaThread "Unconstrained build operations Thread 4" [_thread_blocked, id=6840, stack(0x00000000695e0000,0x00000000696e0000)]
  0x00000000665d6000 JavaThread "Unconstrained build operations Thread 5" [_thread_blocked, id=3644, stack(0x0000000069710000,0x0000000069810000)]
  0x00000000665d7000 JavaThread "Unconstrained build operations Thread 6" [_thread_blocked, id=3824, stack(0x0000000069870000,0x0000000069970000)]
  0x00000000665d8000 JavaThread "Unconstrained build operations Thread 7" [_thread_blocked, id=7904, stack(0x0000000069ae0000,0x0000000069be0000)]
  0x00000000665d8800 JavaThread "Unconstrained build operations Thread 8" [_thread_blocked, id=6268, stack(0x0000000069970000,0x0000000069a70000)]
  0x00000000665d9800 JavaThread "Unconstrained build operations Thread 9" [_thread_blocked, id=7832, stack(0x0000000069c90000,0x0000000069d90000)]
  0x0000000067454800 JavaThread "Unconstrained build operations Thread 10" [_thread_blocked, id=6956, stack(0x0000000069e30000,0x0000000069f30000)]
  0x0000000067455000 JavaThread "Unconstrained build operations Thread 11" [_thread_blocked, id=6228, stack(0x000000006a0b0000,0x000000006a1b0000)]
  0x0000000067456000 JavaThread "Unconstrained build operations Thread 12" [_thread_blocked, id=1472, stack(0x000000006a1d0000,0x000000006a2d0000)]
  0x0000000067457000 JavaThread "Unconstrained build operations Thread 13" [_thread_blocked, id=4072, stack(0x0000000069fa0000,0x000000006a0a0000)]
  0x0000000067457800 JavaThread "Unconstrained build operations Thread 14" [_thread_blocked, id=2232, stack(0x0000000068540000,0x0000000068640000)]
  0x0000000067458800 JavaThread "Unconstrained build operations Thread 15" [_thread_blocked, id=3304, stack(0x000000006a440000,0x000000006a540000)]
  0x0000000067459000 JavaThread "Unconstrained build operations Thread 16" [_thread_blocked, id=6700, stack(0x000000006a690000,0x000000006a790000)]
  0x000000006745a000 JavaThread "Unconstrained build operations Thread 17" [_thread_blocked, id=3240, stack(0x000000006a870000,0x000000006a970000)]
  0x000000006745b000 JavaThread "Unconstrained build operations Thread 18" [_thread_blocked, id=5448, stack(0x000000006aa60000,0x000000006ab60000)]
  0x00000000640e9000 JavaThread "Unconstrained build operations Thread 19" [_thread_blocked, id=5284, stack(0x000000006ab60000,0x000000006ac60000)]
  0x00000000640e9800 JavaThread "Unconstrained build operations Thread 20" [_thread_blocked, id=1868, stack(0x000000006ad60000,0x000000006ae60000)]
  0x00000000640ea800 JavaThread "Unconstrained build operations Thread 21" [_thread_blocked, id=1092, stack(0x000000006a300000,0x000000006a400000)]
  0x00000000640eb800 JavaThread "Unconstrained build operations Thread 22" [_thread_blocked, id=3820, stack(0x000000006afd0000,0x000000006b0d0000)]
  0x00000000640ec000 JavaThread "Unconstrained build operations Thread 23" [_thread_blocked, id=1808, stack(0x000000006aed0000,0x000000006afd0000)]
  0x00000000640ed000 JavaThread "Unconstrained build operations Thread 24" [_thread_blocked, id=6820, stack(0x000000006b1c0000,0x000000006b2c0000)]
  0x00000000640ed800 JavaThread "Unconstrained build operations Thread 25" [_thread_blocked, id=7136, stack(0x000000006b2f0000,0x000000006b3f0000)]
  0x00000000640ee800 JavaThread "Unconstrained build operations Thread 26" [_thread_blocked, id=6340, stack(0x000000006a580000,0x000000006a680000)]
  0x00000000640ef800 JavaThread "Unconstrained build operations Thread 27" [_thread_blocked, id=6764, stack(0x000000006b5a0000,0x000000006b6a0000)]
  0x0000000064975000 JavaThread "Unconstrained build operations Thread 28" [_thread_blocked, id=5568, stack(0x000000006b6f0000,0x000000006b7f0000)]
  0x0000000064975800 JavaThread "Unconstrained build operations Thread 29" [_thread_blocked, id=7664, stack(0x000000006b8d0000,0x000000006b9d0000)]
  0x0000000064976800 JavaThread "Unconstrained build operations Thread 30" [_thread_blocked, id=6652, stack(0x000000006bae0000,0x000000006bbe0000)]
  0x0000000064977800 JavaThread "Unconstrained build operations Thread 31" [_thread_blocked, id=5356, stack(0x000000006b430000,0x000000006b530000)]
  0x0000000064978000 JavaThread "Unconstrained build operations Thread 32" [_thread_blocked, id=4956, stack(0x000000006bc70000,0x000000006bd70000)]
  0x0000000064979000 JavaThread "Unconstrained build operations Thread 33" [_thread_blocked, id=6248, stack(0x000000006bed0000,0x000000006bfd0000)]
  0x000000006497a000 JavaThread "Unconstrained build operations Thread 34" [_thread_blocked, id=6704, stack(0x000000006b9e0000,0x000000006bae0000)]
  0x000000006497a800 JavaThread "Unconstrained build operations Thread 35" [_thread_blocked, id=6036, stack(0x000000006bd70000,0x000000006be70000)]
  0x000000006497b800 JavaThread "Unconstrained build operations Thread 36" [_thread_blocked, id=5308, stack(0x000000006c030000,0x000000006c130000)]
  0x000000006646d800 JavaThread "Unconstrained build operations Thread 37" [_thread_blocked, id=6220, stack(0x000000006c200000,0x000000006c300000)]
  0x000000006646e800 JavaThread "Unconstrained build operations Thread 38" [_thread_blocked, id=5268, stack(0x000000006c4c0000,0x000000006c5c0000)]
  0x000000006646f800 JavaThread "Unconstrained build operations Thread 39" [_thread_blocked, id=1656, stack(0x000000006c680000,0x000000006c780000)]
  0x0000000066470000 JavaThread "Unconstrained build operations Thread 40" [_thread_blocked, id=3244, stack(0x000000006c780000,0x000000006c880000)]
  0x0000000066471000 JavaThread "jar transforms Thread 4" [_thread_blocked, id=424, stack(0x000000006ca80000,0x000000006cb80000)]
  0x0000000066472800 JavaThread "Memory manager" [_thread_blocked, id=3648, stack(0x000000006d920000,0x000000006da20000)]
  0x0000000066473800 JavaThread "build event listener" [_thread_blocked, id=4972, stack(0x000000006fa00000,0x000000006fb00000)]
  0x0000000066474800 JavaThread "included builds" [_thread_blocked, id=5580, stack(0x000000006cde0000,0x000000006cee0000)]
  0x0000000067aa9800 JavaThread "Execution worker for ':'" [_thread_blocked, id=3212, stack(0x0000000070230000,0x0000000070330000)]
  0x0000000067aaa800 JavaThread "Execution worker for ':' Thread 2" [_thread_blocked, id=5272, stack(0x0000000070350000,0x0000000070450000)]
  0x0000000067aab000 JavaThread "Execution worker for ':' Thread 3" [_thread_blocked, id=5712, stack(0x000000006ac60000,0x000000006ad60000)]
  0x0000000067aac000 JavaThread "Cache worker for execution history cache (C:\Users\LENOVO\Downloads\Compressed\Refi's\AndroidStudio\RekomenApp\.gradle\7.4\executionHistory)" [_thread_blocked, id=8024, stack(0x00000000704d0000,0x00000000705d0000)]
  0x0000000067aad000 JavaThread "WorkerExecutor Queue" [_thread_blocked, id=5072, stack(0x0000000070df0000,0x0000000070ef0000)]
  0x0000000067aae800 JavaThread "WorkerExecutor Queue Thread 3" [_thread_blocked, id=6388, stack(0x0000000070f30000,0x0000000071030000)]
  0x0000000067aaf800 JavaThread "WorkerExecutor Queue Thread 4" [_thread_blocked, id=6608, stack(0x0000000071770000,0x0000000071870000)]
  0x0000000067aad800 JavaThread "WorkerExecutor Queue Thread 5" [_thread_blocked, id=6256, stack(0x0000000071950000,0x0000000071a50000)]
  0x0000000067ab0000 JavaThread "pool-3-thread-1" [_thread_blocked, id=4516, stack(0x0000000071d70000,0x0000000071e70000)]
  0x000000005fcb6000 JavaThread "stderr" [_thread_in_native, id=8000, stack(0x00000000720e0000,0x00000000721e0000)]
  0x000000005fcb7000 JavaThread "stdout" [_thread_in_native, id=1512, stack(0x0000000071c50000,0x0000000071d50000)]
  0x0000000065d88000 JavaThread "RMI Scheduler(0)" daemon [_thread_blocked, id=6012, stack(0x0000000071fe0000,0x00000000720e0000)]
  0x0000000065d89800 JavaThread "RMI GC Daemon" daemon [_thread_blocked, id=6832, stack(0x0000000072b80000,0x0000000072c80000)]
  0x0000000065d8a800 JavaThread "RMI TCP Accept-0" daemon [_thread_in_native, id=7068, stack(0x0000000072cc0000,0x0000000072dc0000)]
  0x00000000680f9800 JavaThread "RMI Reaper" [_thread_blocked, id=5140, stack(0x0000000072e90000,0x0000000072f90000)]
  0x00000000680fa800 JavaThread "RMI TCP Connection(2)-127.0.0.1" daemon [_thread_in_native, id=2256, stack(0x0000000073010000,0x0000000073110000)]

Other Threads:
=>0x000000005d738800 VMThread "VM Thread" [stack: 0x000000005d920000,0x000000005da20000] [id=6024]
  0x000000005e81d000 WatcherThread [stack: 0x000000005ec80000,0x000000005ed80000] [id=7968]
  0x0000000000593800 GCTaskThread "GC Thread#0" [stack: 0x0000000015210000,0x0000000015310000] [id=5572]
  0x000000005f044000 GCTaskThread "GC Thread#1" [stack: 0x0000000060680000,0x0000000060780000] [id=6336]
  0x0000000060dad800 GCTaskThread "GC Thread#2" [stack: 0x00000000630e0000,0x00000000631e0000] [id=3508]
  0x0000000060c40000 GCTaskThread "GC Thread#3" [stack: 0x00000000631f0000,0x00000000632f0000] [id=7956]
  0x00000000005c4000 ConcurrentGCThread "G1 Main Marker" [stack: 0x000000001a4e0000,0x000000001a5e0000] [id=6684]
  0x00000000005c5000 ConcurrentGCThread "G1 Conc#0" [stack: 0x000000001a3e0000,0x000000001a4e0000] [id=7600]
  0x00000000005ef800 ConcurrentGCThread "G1 Refine#0" [stack: 0x000000001cb50000,0x000000001cc50000] [id=5660]
  0x000000001ca3c800 ConcurrentGCThread "G1 Young RemSet Sampling" [stack: 0x000000001cd40000,0x000000001ce40000] [id=5652]

Threads with active compile tasks:
C2 CompilerThread0  79494 17974       4       com.sun.tools.javac.code.Symtab::enterPackage (79 bytes)

VM state:at safepoint (normal execution)

VM Mutex/Monitor currently owned by a thread:  ([mutex/lock_event])
[0x0000000000567520] Threads_lock - owner thread: 0x000000005d738800
[0x0000000000567d00] Heap_lock - owner thread: 0x0000000067aad800

Heap address: 0x0000000080000000, size: 2048 MB, Compressed Oops mode: 32-bit
Narrow klass base: 0x0000000000000000, Narrow klass shift: 0
Compressed class space size: 1073741824 Address: 0x000000001ce40000

Heap:
 garbage-first heap   total 1051648K, used 320660K [0x0000000080000000, 0x0000000100000000)
  region size 1024K, 2 young (2048K), 2 survivors (2048K)
 Metaspace       used 129686K, capacity 132524K, committed 132688K, reserved 1165312K
  class space    used 15670K, capacity 16734K, committed 16768K, reserved 1048576K
Heap Regions: E=young(eden), S=young(survivor), O=old, HS=humongous(starts), HC=humongous(continues), CS=collection set, F=free, A=archive, TAMS=top-at-mark-start (previous, next)
|   0|0x0000000080000000, 0x0000000080100000, 0x0000000080100000|100%|HS|  |TAMS 0x0000000080100000, 0x0000000080100000| Complete 
|   1|0x0000000080100000, 0x0000000080200000, 0x0000000080200000|100%|HC|  |TAMS 0x0000000080200000, 0x0000000080200000| Complete 
|   2|0x0000000080200000, 0x0000000080300000, 0x0000000080300000|100%|HC|  |TAMS 0x0000000080300000, 0x0000000080300000| Complete 
|   3|0x0000000080300000, 0x0000000080400000, 0x0000000080400000|100%| O|  |TAMS 0x0000000080400000, 0x0000000080400000| Untracked 
|   4|0x0000000080400000, 0x0000000080500000, 0x0000000080500000|100%| O|  |TAMS 0x0000000080500000, 0x0000000080500000| Untracked 
|   5|0x0000000080500000, 0x0000000080600000, 0x0000000080600000|100%| O|  |TAMS 0x0000000080600000, 0x0000000080600000| Untracked 
|   6|0x0000000080600000, 0x0000000080700000, 0x0000000080700000|100%| O|  |TAMS 0x0000000080700000, 0x0000000080700000| Untracked 
|   7|0x0000000080700000, 0x0000000080800000, 0x0000000080800000|100%| O|  |TAMS 0x0000000080800000, 0x0000000080800000| Untracked 
|   8|0x0000000080800000, 0x0000000080900000, 0x0000000080900000|100%| O|  |TAMS 0x0000000080900000, 0x0000000080900000| Untracked 
|   9|0x0000000080900000, 0x0000000080a00000, 0x0000000080a00000|100%| O|  |TAMS 0x0000000080a00000, 0x0000000080a00000| Untracked 
|  10|0x0000000080a00000, 0x0000000080b00000, 0x0000000080b00000|100%| O|  |TAMS 0x0000000080b00000, 0x0000000080b00000| Untracked 
|  11|0x0000000080b00000, 0x0000000080c00000, 0x0000000080c00000|100%| O|  |TAMS 0x0000000080c00000, 0x0000000080c00000| Untracked 
|  12|0x0000000080c00000, 0x0000000080d00000, 0x0000000080d00000|100%| O|  |TAMS 0x0000000080d00000, 0x0000000080d00000| Untracked 
|  13|0x0000000080d00000, 0x0000000080e00000, 0x0000000080e00000|100%| O|  |TAMS 0x0000000080e00000, 0x0000000080e00000| Untracked 
|  14|0x0000000080e00000, 0x0000000080f00000, 0x0000000080f00000|100%| O|  |TAMS 0x0000000080f00000, 0x0000000080f00000| Untracked 
|  15|0x0000000080f00000, 0x0000000081000000, 0x0000000081000000|100%| O|  |TAMS 0x0000000081000000, 0x0000000081000000| Untracked 
|  16|0x0000000081000000, 0x0000000081100000, 0x0000000081100000|100%| O|  |TAMS 0x0000000081100000, 0x0000000081100000| Untracked 
|  17|0x0000000081100000, 0x0000000081200000, 0x0000000081200000|100%| O|  |TAMS 0x0000000081200000, 0x0000000081200000| Untracked 
|  18|0x0000000081200000, 0x0000000081300000, 0x0000000081300000|100%| O|  |TAMS 0x0000000081300000, 0x0000000081300000| Untracked 
|  19|0x0000000081300000, 0x0000000081400000, 0x0000000081400000|100%| O|  |TAMS 0x0000000081400000, 0x0000000081400000| Untracked 
|  20|0x0000000081400000, 0x0000000081500000, 0x0000000081500000|100%| O|  |TAMS 0x0000000081500000, 0x0000000081500000| Untracked 
|  21|0x0000000081500000, 0x0000000081600000, 0x0000000081600000|100%| O|  |TAMS 0x0000000081600000, 0x0000000081600000| Untracked 
|  22|0x0000000081600000, 0x0000000081700000, 0x0000000081700000|100%| O|  |TAMS 0x0000000081700000, 0x0000000081700000| Untracked 
|  23|0x0000000081700000, 0x0000000081800000, 0x0000000081800000|100%| O|  |TAMS 0x0000000081800000, 0x0000000081800000| Untracked 
|  24|0x0000000081800000, 0x0000000081900000, 0x0000000081900000|100%| O|  |TAMS 0x0000000081900000, 0x0000000081900000| Untracked 
|  25|0x0000000081900000, 0x0000000081a00000, 0x0000000081a00000|100%|HS|  |TAMS 0x0000000081a00000, 0x0000000081a00000| Complete 
|  26|0x0000000081a00000, 0x0000000081b00000, 0x0000000081b00000|100%| O|  |TAMS 0x0000000081b00000, 0x0000000081b00000| Untracked 
|  27|0x0000000081b00000, 0x0000000081c00000, 0x0000000081c00000|100%| O|  |TAMS 0x0000000081c00000, 0x0000000081c00000| Untracked 
|  28|0x0000000081c00000, 0x0000000081d00000, 0x0000000081d00000|100%|HS|  |TAMS 0x0000000081d00000, 0x0000000081d00000| Complete 
|  29|0x0000000081d00000, 0x0000000081e00000, 0x0000000081e00000|100%|HC|  |TAMS 0x0000000081e00000, 0x0000000081e00000| Complete 
|  30|0x0000000081e00000, 0x0000000081f00000, 0x0000000081f00000|100%|HS|  |TAMS 0x0000000081f00000, 0x0000000081f00000| Complete 
|  31|0x0000000081f00000, 0x0000000082000000, 0x0000000082000000|100%|HS|  |TAMS 0x0000000082000000, 0x0000000082000000| Complete 
|  32|0x0000000082000000, 0x0000000082100000, 0x0000000082100000|100%|HC|  |TAMS 0x0000000082100000, 0x0000000082100000| Complete 
|  33|0x0000000082100000, 0x0000000082200000, 0x0000000082200000|100%|HC|  |TAMS 0x0000000082200000, 0x0000000082200000| Complete 
|  34|0x0000000082200000, 0x0000000082300000, 0x0000000082300000|100%|HC|  |TAMS 0x0000000082300000, 0x0000000082300000| Complete 
|  35|0x0000000082300000, 0x0000000082400000, 0x0000000082400000|100%| O|  |TAMS 0x0000000082400000, 0x0000000082400000| Untracked 
|  36|0x0000000082400000, 0x0000000082500000, 0x0000000082500000|100%|HS|  |TAMS 0x0000000082500000, 0x0000000082500000| Complete 
|  37|0x0000000082500000, 0x0000000082600000, 0x0000000082600000|100%|HC|  |TAMS 0x0000000082600000, 0x0000000082600000| Complete 
|  38|0x0000000082600000, 0x0000000082700000, 0x0000000082700000|100%| O|  |TAMS 0x0000000082700000, 0x0000000082700000| Untracked 
|  39|0x0000000082700000, 0x0000000082800000, 0x0000000082800000|100%| O|  |TAMS 0x0000000082800000, 0x0000000082800000| Untracked 
|  40|0x0000000082800000, 0x0000000082900000, 0x0000000082900000|100%| O|  |TAMS 0x0000000082900000, 0x0000000082900000| Untracked 
|  41|0x0000000082900000, 0x0000000082a00000, 0x0000000082a00000|100%| O|  |TAMS 0x0000000082a00000, 0x0000000082a00000| Untracked 
|  42|0x0000000082a00000, 0x0000000082b00000, 0x0000000082b00000|100%| O|  |TAMS 0x0000000082b00000, 0x0000000082b00000| Untracked 
|  43|0x0000000082b00000, 0x0000000082c00000, 0x0000000082c00000|100%| O|  |TAMS 0x0000000082c00000, 0x0000000082c00000| Untracked 
|  44|0x0000000082c00000, 0x0000000082d00000, 0x0000000082d00000|100%| O|  |TAMS 0x0000000082d00000, 0x0000000082d00000| Untracked 
|  45|0x0000000082d00000, 0x0000000082e00000, 0x0000000082e00000|100%| O|  |TAMS 0x0000000082e00000, 0x0000000082e00000| Untracked 
|  46|0x0000000082e00000, 0x0000000082f00000, 0x0000000082f00000|100%| O|  |TAMS 0x0000000082f00000, 0x0000000082f00000| Untracked 
|  47|0x0000000082f00000, 0x0000000083000000, 0x0000000083000000|100%| O|  |TAMS 0x0000000083000000, 0x0000000083000000| Untracked 
|  48|0x0000000083000000, 0x0000000083100000, 0x0000000083100000|100%| O|  |TAMS 0x0000000083100000, 0x0000000083100000| Untracked 
|  49|0x0000000083100000, 0x0000000083200000, 0x0000000083200000|100%| O|  |TAMS 0x0000000083200000, 0x0000000083200000| Untracked 
|  50|0x0000000083200000, 0x0000000083300000, 0x0000000083300000|100%| O|  |TAMS 0x0000000083300000, 0x0000000083300000| Untracked 
|  51|0x0000000083300000, 0x0000000083400000, 0x0000000083400000|100%| O|  |TAMS 0x0000000083400000, 0x0000000083400000| Untracked 
|  52|0x0000000083400000, 0x0000000083500000, 0x0000000083500000|100%| O|  |TAMS 0x0000000083500000, 0x0000000083500000| Untracked 
|  53|0x0000000083500000, 0x0000000083600000, 0x0000000083600000|100%| O|  |TAMS 0x0000000083600000, 0x0000000083600000| Untracked 
|  54|0x0000000083600000, 0x0000000083700000, 0x0000000083700000|100%| O|  |TAMS 0x0000000083700000, 0x0000000083700000| Untracked 
|  55|0x0000000083700000, 0x0000000083800000, 0x0000000083800000|100%| O|  |TAMS 0x0000000083800000, 0x0000000083800000| Untracked 
|  56|0x0000000083800000, 0x0000000083900000, 0x0000000083900000|100%| O|  |TAMS 0x0000000083900000, 0x0000000083900000| Untracked 
|  57|0x0000000083900000, 0x0000000083a00000, 0x0000000083a00000|100%| O|  |TAMS 0x0000000083a00000, 0x0000000083a00000| Untracked 
|  58|0x0000000083a00000, 0x0000000083b00000, 0x0000000083b00000|100%| O|  |TAMS 0x0000000083b00000, 0x0000000083b00000| Untracked 
|  59|0x0000000083b00000, 0x0000000083c00000, 0x0000000083c00000|100%| O|  |TAMS 0x0000000083c00000, 0x0000000083c00000| Untracked 
|  60|0x0000000083c00000, 0x0000000083d00000, 0x0000000083d00000|100%| O|  |TAMS 0x0000000083d00000, 0x0000000083d00000| Untracked 
|  61|0x0000000083d00000, 0x0000000083e00000, 0x0000000083e00000|100%| O|  |TAMS 0x0000000083e00000, 0x0000000083e00000| Untracked 
|  62|0x0000000083e00000, 0x0000000083f00000, 0x0000000083f00000|100%| O|  |TAMS 0x0000000083f00000, 0x0000000083f00000| Untracked 
|  63|0x0000000083f00000, 0x0000000084000000, 0x0000000084000000|100%| O|  |TAMS 0x0000000084000000, 0x0000000084000000| Untracked 
|  64|0x0000000084000000, 0x0000000084100000, 0x0000000084100000|100%| O|  |TAMS 0x0000000084100000, 0x0000000084100000| Untracked 
|  65|0x0000000084100000, 0x0000000084200000, 0x0000000084200000|100%| O|  |TAMS 0x0000000084200000, 0x0000000084200000| Untracked 
|  66|0x0000000084200000, 0x0000000084300000, 0x0000000084300000|100%| O|  |TAMS 0x0000000084300000, 0x0000000084300000| Untracked 
|  67|0x0000000084300000, 0x0000000084400000, 0x0000000084400000|100%| O|  |TAMS 0x0000000084400000, 0x0000000084400000| Untracked 
|  68|0x0000000084400000, 0x0000000084500000, 0x0000000084500000|100%| O|  |TAMS 0x0000000084500000, 0x0000000084500000| Untracked 
|  69|0x0000000084500000, 0x0000000084600000, 0x0000000084600000|100%| O|  |TAMS 0x0000000084600000, 0x0000000084600000| Untracked 
|  70|0x0000000084600000, 0x0000000084700000, 0x0000000084700000|100%| O|  |TAMS 0x0000000084700000, 0x0000000084700000| Untracked 
|  71|0x0000000084700000, 0x0000000084800000, 0x0000000084800000|100%| O|  |TAMS 0x0000000084800000, 0x0000000084800000| Untracked 
|  72|0x0000000084800000, 0x0000000084900000, 0x0000000084900000|100%| O|  |TAMS 0x0000000084900000, 0x0000000084900000| Untracked 
|  73|0x0000000084900000, 0x0000000084a00000, 0x0000000084a00000|100%| O|  |TAMS 0x0000000084a00000, 0x0000000084a00000| Untracked 
|  74|0x0000000084a00000, 0x0000000084b00000, 0x0000000084b00000|100%| O|  |TAMS 0x0000000084b00000, 0x0000000084b00000| Untracked 
|  75|0x0000000084b00000, 0x0000000084c00000, 0x0000000084c00000|100%| O|  |TAMS 0x0000000084c00000, 0x0000000084c00000| Untracked 
|  76|0x0000000084c00000, 0x0000000084d00000, 0x0000000084d00000|100%| O|  |TAMS 0x0000000084d00000, 0x0000000084d00000| Untracked 
|  77|0x0000000084d00000, 0x0000000084e00000, 0x0000000084e00000|100%| O|  |TAMS 0x0000000084e00000, 0x0000000084e00000| Untracked 
|  78|0x0000000084e00000, 0x0000000084f00000, 0x0000000084f00000|100%| O|  |TAMS 0x0000000084f00000, 0x0000000084f00000| Untracked 
|  79|0x0000000084f00000, 0x0000000085000000, 0x0000000085000000|100%| O|  |TAMS 0x0000000085000000, 0x0000000085000000| Untracked 
|  80|0x0000000085000000, 0x0000000085100000, 0x0000000085100000|100%| O|  |TAMS 0x0000000085100000, 0x0000000085100000| Untracked 
|  81|0x0000000085100000, 0x0000000085200000, 0x0000000085200000|100%| O|  |TAMS 0x0000000085200000, 0x0000000085200000| Untracked 
|  82|0x0000000085200000, 0x0000000085300000, 0x0000000085300000|100%| O|  |TAMS 0x0000000085300000, 0x0000000085300000| Untracked 
|  83|0x0000000085300000, 0x0000000085400000, 0x0000000085400000|100%|HS|  |TAMS 0x0000000085400000, 0x0000000085400000| Complete 
|  84|0x0000000085400000, 0x0000000085500000, 0x0000000085500000|100%| O|  |TAMS 0x0000000085500000, 0x0000000085500000| Untracked 
|  85|0x0000000085500000, 0x0000000085600000, 0x0000000085600000|100%| O|  |TAMS 0x0000000085600000, 0x0000000085600000| Untracked 
|  86|0x0000000085600000, 0x0000000085700000, 0x0000000085700000|100%| O|  |TAMS 0x0000000085700000, 0x0000000085700000| Untracked 
|  87|0x0000000085700000, 0x0000000085800000, 0x0000000085800000|100%| O|  |TAMS 0x0000000085800000, 0x0000000085800000| Untracked 
|  88|0x0000000085800000, 0x0000000085900000, 0x0000000085900000|100%| O|  |TAMS 0x0000000085900000, 0x0000000085900000| Untracked 
|  89|0x0000000085900000, 0x0000000085a00000, 0x0000000085a00000|100%| O|  |TAMS 0x0000000085a00000, 0x0000000085a00000| Untracked 
|  90|0x0000000085a00000, 0x0000000085b00000, 0x0000000085b00000|100%| O|  |TAMS 0x0000000085b00000, 0x0000000085b00000| Untracked 
|  91|0x0000000085b00000, 0x0000000085c00000, 0x0000000085c00000|100%| O|  |TAMS 0x0000000085c00000, 0x0000000085c00000| Untracked 
|  92|0x0000000085c00000, 0x0000000085d00000, 0x0000000085d00000|100%| O|  |TAMS 0x0000000085d00000, 0x0000000085d00000| Untracked 
|  93|0x0000000085d00000, 0x0000000085e00000, 0x0000000085e00000|100%| O|  |TAMS 0x0000000085d00000, 0x0000000085e00000| Untracked 
|  94|0x0000000085e00000, 0x0000000085f00000, 0x0000000085f00000|100%| O|  |TAMS 0x0000000085f00000, 0x0000000085f00000| Untracked 
|  95|0x0000000085f00000, 0x0000000086000000, 0x0000000086000000|100%| O|  |TAMS 0x0000000086000000, 0x0000000086000000| Untracked 
|  96|0x0000000086000000, 0x0000000086100000, 0x0000000086100000|100%| O|  |TAMS 0x0000000086100000, 0x0000000086100000| Untracked 
|  97|0x0000000086100000, 0x0000000086200000, 0x0000000086200000|100%| O|  |TAMS 0x0000000086200000, 0x0000000086200000| Untracked 
|  98|0x0000000086200000, 0x0000000086300000, 0x0000000086300000|100%| O|  |TAMS 0x0000000086300000, 0x0000000086300000| Untracked 
|  99|0x0000000086300000, 0x0000000086400000, 0x0000000086400000|100%| O|  |TAMS 0x0000000086400000, 0x0000000086400000| Untracked 
| 100|0x0000000086400000, 0x0000000086500000, 0x0000000086500000|100%| O|  |TAMS 0x0000000086500000, 0x0000000086500000| Untracked 
| 101|0x0000000086500000, 0x0000000086600000, 0x0000000086600000|100%| O|  |TAMS 0x0000000086600000, 0x0000000086600000| Untracked 
| 102|0x0000000086600000, 0x0000000086700000, 0x0000000086700000|100%| O|  |TAMS 0x0000000086700000, 0x0000000086700000| Untracked 
| 103|0x0000000086700000, 0x0000000086800000, 0x0000000086800000|100%| O|  |TAMS 0x0000000086800000, 0x0000000086800000| Untracked 
| 104|0x0000000086800000, 0x0000000086900000, 0x0000000086900000|100%| O|  |TAMS 0x0000000086900000, 0x0000000086900000| Untracked 
| 105|0x0000000086900000, 0x0000000086a00000, 0x0000000086a00000|100%| O|  |TAMS 0x0000000086a00000, 0x0000000086a00000| Untracked 
| 106|0x0000000086a00000, 0x0000000086b00000, 0x0000000086b00000|100%| O|  |TAMS 0x0000000086b00000, 0x0000000086b00000| Untracked 
| 107|0x0000000086b00000, 0x0000000086c00000, 0x0000000086c00000|100%| O|  |TAMS 0x0000000086c00000, 0x0000000086c00000| Untracked 
| 108|0x0000000086c00000, 0x0000000086d00000, 0x0000000086d00000|100%| O|  |TAMS 0x0000000086d00000, 0x0000000086d00000| Untracked 
| 109|0x0000000086d00000, 0x0000000086e00000, 0x0000000086e00000|100%| O|  |TAMS 0x0000000086e00000, 0x0000000086e00000| Untracked 
| 110|0x0000000086e00000, 0x0000000086f00000, 0x0000000086f00000|100%| O|  |TAMS 0x0000000086f00000, 0x0000000086f00000| Untracked 
| 111|0x0000000086f00000, 0x0000000087000000, 0x0000000087000000|100%| O|  |TAMS 0x0000000087000000, 0x0000000087000000| Untracked 
| 112|0x0000000087000000, 0x0000000087100000, 0x0000000087100000|100%| O|  |TAMS 0x0000000087100000, 0x0000000087100000| Untracked 
| 113|0x0000000087100000, 0x0000000087200000, 0x0000000087200000|100%| O|  |TAMS 0x0000000087200000, 0x0000000087200000| Untracked 
| 114|0x0000000087200000, 0x0000000087300000, 0x0000000087300000|100%| O|  |TAMS 0x0000000087300000, 0x0000000087300000| Untracked 
| 115|0x0000000087300000, 0x0000000087400000, 0x0000000087400000|100%|HS|  |TAMS 0x0000000087400000, 0x0000000087400000| Complete 
| 116|0x0000000087400000, 0x0000000087500000, 0x0000000087500000|100%|HC|  |TAMS 0x0000000087500000, 0x0000000087500000| Complete 
| 117|0x0000000087500000, 0x0000000087600000, 0x0000000087600000|100%| O|  |TAMS 0x0000000087600000, 0x0000000087600000| Untracked 
| 118|0x0000000087600000, 0x0000000087700000, 0x0000000087700000|100%| O|  |TAMS 0x0000000087700000, 0x0000000087700000| Untracked 
| 119|0x0000000087700000, 0x0000000087800000, 0x0000000087800000|100%| O|  |TAMS 0x0000000087800000, 0x0000000087800000| Untracked 
| 120|0x0000000087800000, 0x0000000087900000, 0x0000000087900000|100%| O|  |TAMS 0x0000000087900000, 0x0000000087900000| Untracked 
| 121|0x0000000087900000, 0x0000000087a00000, 0x0000000087a00000|100%| O|  |TAMS 0x0000000087a00000, 0x0000000087a00000| Untracked 
| 122|0x0000000087a00000, 0x0000000087b00000, 0x0000000087b00000|100%| O|  |TAMS 0x0000000087b00000, 0x0000000087b00000| Untracked 
| 123|0x0000000087b00000, 0x0000000087c00000, 0x0000000087c00000|100%| O|  |TAMS 0x0000000087c00000, 0x0000000087c00000| Untracked 
| 124|0x0000000087c00000, 0x0000000087d00000, 0x0000000087d00000|100%| O|  |TAMS 0x0000000087d00000, 0x0000000087d00000| Untracked 
| 125|0x0000000087d00000, 0x0000000087e00000, 0x0000000087e00000|100%|HS|  |TAMS 0x0000000087e00000, 0x0000000087e00000| Complete 
| 126|0x0000000087e00000, 0x0000000087f00000, 0x0000000087f00000|100%|HC|  |TAMS 0x0000000087f00000, 0x0000000087f00000| Complete 
| 127|0x0000000087f00000, 0x0000000088000000, 0x0000000088000000|100%|HC|  |TAMS 0x0000000088000000, 0x0000000088000000| Complete 
| 128|0x0000000088000000, 0x0000000088100000, 0x0000000088100000|100%|HC|  |TAMS 0x0000000088100000, 0x0000000088100000| Complete 
| 129|0x0000000088100000, 0x0000000088200000, 0x0000000088200000|100%| O|  |TAMS 0x0000000088200000, 0x0000000088200000| Untracked 
| 130|0x0000000088200000, 0x0000000088300000, 0x0000000088300000|100%| O|  |TAMS 0x0000000088300000, 0x0000000088300000| Untracked 
| 131|0x0000000088300000, 0x0000000088400000, 0x0000000088400000|100%| O|  |TAMS 0x0000000088400000, 0x0000000088400000| Untracked 
| 132|0x0000000088400000, 0x0000000088500000, 0x0000000088500000|100%| O|  |TAMS 0x0000000088500000, 0x0000000088500000| Untracked 
| 133|0x0000000088500000, 0x0000000088600000, 0x0000000088600000|100%| O|  |TAMS 0x0000000088600000, 0x0000000088600000| Untracked 
| 134|0x0000000088600000, 0x0000000088700000, 0x0000000088700000|100%| O|  |TAMS 0x0000000088700000, 0x0000000088700000| Untracked 
| 135|0x0000000088700000, 0x0000000088800000, 0x0000000088800000|100%| O|  |TAMS 0x0000000088800000, 0x0000000088800000| Untracked 
| 136|0x0000000088800000, 0x0000000088900000, 0x0000000088900000|100%| O|  |TAMS 0x0000000088900000, 0x0000000088900000| Untracked 
| 137|0x0000000088900000, 0x0000000088a00000, 0x0000000088a00000|100%| O|  |TAMS 0x0000000088a00000, 0x0000000088a00000| Untracked 
| 138|0x0000000088a00000, 0x0000000088b00000, 0x0000000088b00000|100%| O|  |TAMS 0x0000000088b00000, 0x0000000088b00000| Untracked 
| 139|0x0000000088b00000, 0x0000000088c00000, 0x0000000088c00000|100%| O|  |TAMS 0x0000000088c00000, 0x0000000088c00000| Untracked 
| 140|0x0000000088c00000, 0x0000000088d00000, 0x0000000088d00000|100%| O|  |TAMS 0x0000000088d00000, 0x0000000088d00000| Untracked 
| 141|0x0000000088d00000, 0x0000000088e00000, 0x0000000088e00000|100%| O|  |TAMS 0x0000000088e00000, 0x0000000088e00000| Untracked 
| 142|0x0000000088e00000, 0x0000000088f00000, 0x0000000088f00000|100%| O|  |TAMS 0x0000000088f00000, 0x0000000088f00000| Untracked 
| 143|0x0000000088f00000, 0x0000000089000000, 0x0000000089000000|100%| O|  |TAMS 0x0000000089000000, 0x0000000089000000| Untracked 
| 144|0x0000000089000000, 0x0000000089100000, 0x0000000089100000|100%| O|  |TAMS 0x0000000089100000, 0x0000000089100000| Untracked 
| 145|0x0000000089100000, 0x0000000089200000, 0x0000000089200000|100%| O|  |TAMS 0x0000000089200000, 0x0000000089200000| Untracked 
| 146|0x0000000089200000, 0x0000000089300000, 0x0000000089300000|100%| O|  |TAMS 0x0000000089300000, 0x0000000089300000| Untracked 
| 147|0x0000000089300000, 0x0000000089400000, 0x0000000089400000|100%| O|  |TAMS 0x0000000089400000, 0x0000000089400000| Untracked 
| 148|0x0000000089400000, 0x0000000089500000, 0x0000000089500000|100%| O|  |TAMS 0x0000000089500000, 0x0000000089500000| Untracked 
| 149|0x0000000089500000, 0x0000000089600000, 0x0000000089600000|100%| O|  |TAMS 0x0000000089600000, 0x0000000089600000| Untracked 
| 150|0x0000000089600000, 0x0000000089700000, 0x0000000089700000|100%| O|  |TAMS 0x0000000089700000, 0x0000000089700000| Untracked 
| 151|0x0000000089700000, 0x0000000089800000, 0x0000000089800000|100%| O|  |TAMS 0x0000000089800000, 0x0000000089800000| Untracked 
| 152|0x0000000089800000, 0x0000000089900000, 0x0000000089900000|100%| O|  |TAMS 0x0000000089900000, 0x0000000089900000| Untracked 
| 153|0x0000000089900000, 0x0000000089a00000, 0x0000000089a00000|100%| O|  |TAMS 0x0000000089a00000, 0x0000000089a00000| Untracked 
| 154|0x0000000089a00000, 0x0000000089b00000, 0x0000000089b00000|100%| O|  |TAMS 0x0000000089b00000, 0x0000000089b00000| Untracked 
| 155|0x0000000089b00000, 0x0000000089c00000, 0x0000000089c00000|100%| O|  |TAMS 0x0000000089c00000, 0x0000000089c00000| Untracked 
| 156|0x0000000089c00000, 0x0000000089d00000, 0x0000000089d00000|100%| O|  |TAMS 0x0000000089d00000, 0x0000000089d00000| Untracked 
| 157|0x0000000089d00000, 0x0000000089e00000, 0x0000000089e00000|100%| O|  |TAMS 0x0000000089e00000, 0x0000000089e00000| Untracked 
| 158|0x0000000089e00000, 0x0000000089f00000, 0x0000000089f00000|100%| O|  |TAMS 0x0000000089f00000, 0x0000000089f00000| Untracked 
| 159|0x0000000089f00000, 0x000000008a000000, 0x000000008a000000|100%| O|  |TAMS 0x000000008a000000, 0x000000008a000000| Untracked 
| 160|0x000000008a000000, 0x000000008a100000, 0x000000008a100000|100%| O|  |TAMS 0x000000008a100000, 0x000000008a100000| Untracked 
| 161|0x000000008a100000, 0x000000008a200000, 0x000000008a200000|100%| O|  |TAMS 0x000000008a200000, 0x000000008a200000| Untracked 
| 162|0x000000008a200000, 0x000000008a300000, 0x000000008a300000|100%| O|  |TAMS 0x000000008a300000, 0x000000008a300000| Untracked 
| 163|0x000000008a300000, 0x000000008a400000, 0x000000008a400000|100%| O|  |TAMS 0x000000008a400000, 0x000000008a400000| Untracked 
| 164|0x000000008a400000, 0x000000008a500000, 0x000000008a500000|100%| O|  |TAMS 0x000000008a500000, 0x000000008a500000| Untracked 
| 165|0x000000008a500000, 0x000000008a600000, 0x000000008a600000|100%| O|  |TAMS 0x000000008a600000, 0x000000008a600000| Untracked 
| 166|0x000000008a600000, 0x000000008a700000, 0x000000008a700000|100%| O|  |TAMS 0x000000008a700000, 0x000000008a700000| Untracked 
| 167|0x000000008a700000, 0x000000008a800000, 0x000000008a800000|100%| O|  |TAMS 0x000000008a800000, 0x000000008a800000| Untracked 
| 168|0x000000008a800000, 0x000000008a900000, 0x000000008a900000|100%| O|  |TAMS 0x000000008a900000, 0x000000008a900000| Untracked 
| 169|0x000000008a900000, 0x000000008aa00000, 0x000000008aa00000|100%| O|  |TAMS 0x000000008aa00000, 0x000000008aa00000| Untracked 
| 170|0x000000008aa00000, 0x000000008ab00000, 0x000000008ab00000|100%| O|  |TAMS 0x000000008ab00000, 0x000000008ab00000| Untracked 
| 171|0x000000008ab00000, 0x000000008ac00000, 0x000000008ac00000|100%| O|  |TAMS 0x000000008ac00000, 0x000000008ac00000| Untracked 
| 172|0x000000008ac00000, 0x000000008ad00000, 0x000000008ad00000|100%| O|  |TAMS 0x000000008ad00000, 0x000000008ad00000| Untracked 
| 173|0x000000008ad00000, 0x000000008ae00000, 0x000000008ae00000|100%| O|  |TAMS 0x000000008ae00000, 0x000000008ae00000| Untracked 
| 174|0x000000008ae00000, 0x000000008af00000, 0x000000008af00000|100%| O|  |TAMS 0x000000008af00000, 0x000000008af00000| Untracked 
| 175|0x000000008af00000, 0x000000008b000000, 0x000000008b000000|100%| O|  |TAMS 0x000000008b000000, 0x000000008b000000| Untracked 
| 176|0x000000008b000000, 0x000000008b100000, 0x000000008b100000|100%| O|  |TAMS 0x000000008b100000, 0x000000008b100000| Untracked 
| 177|0x000000008b100000, 0x000000008b200000, 0x000000008b200000|100%| O|  |TAMS 0x000000008b200000, 0x000000008b200000| Untracked 
| 178|0x000000008b200000, 0x000000008b300000, 0x000000008b300000|100%| O|  |TAMS 0x000000008b300000, 0x000000008b300000| Untracked 
| 179|0x000000008b300000, 0x000000008b400000, 0x000000008b400000|100%| O|  |TAMS 0x000000008b400000, 0x000000008b400000| Untracked 
| 180|0x000000008b400000, 0x000000008b500000, 0x000000008b500000|100%| O|  |TAMS 0x000000008b500000, 0x000000008b500000| Untracked 
| 181|0x000000008b500000, 0x000000008b600000, 0x000000008b600000|100%| O|  |TAMS 0x000000008b600000, 0x000000008b600000| Untracked 
| 182|0x000000008b600000, 0x000000008b700000, 0x000000008b700000|100%| O|  |TAMS 0x000000008b700000, 0x000000008b700000| Untracked 
| 183|0x000000008b700000, 0x000000008b800000, 0x000000008b800000|100%| O|  |TAMS 0x000000008b800000, 0x000000008b800000| Untracked 
| 184|0x000000008b800000, 0x000000008b900000, 0x000000008b900000|100%| O|  |TAMS 0x000000008b900000, 0x000000008b900000| Untracked 
| 185|0x000000008b900000, 0x000000008ba00000, 0x000000008ba00000|100%| O|  |TAMS 0x000000008ba00000, 0x000000008ba00000| Untracked 
| 186|0x000000008ba00000, 0x000000008bb00000, 0x000000008bb00000|100%| O|  |TAMS 0x000000008bb00000, 0x000000008bb00000| Untracked 
| 187|0x000000008bb00000, 0x000000008bc00000, 0x000000008bc00000|100%| O|  |TAMS 0x000000008bc00000, 0x000000008bc00000| Untracked 
| 188|0x000000008bc00000, 0x000000008bd00000, 0x000000008bd00000|100%| O|  |TAMS 0x000000008bd00000, 0x000000008bd00000| Untracked 
| 189|0x000000008bd00000, 0x000000008be00000, 0x000000008be00000|100%| O|  |TAMS 0x000000008be00000, 0x000000008be00000| Untracked 
| 190|0x000000008be00000, 0x000000008bf00000, 0x000000008bf00000|100%| O|  |TAMS 0x000000008bf00000, 0x000000008bf00000| Untracked 
| 191|0x000000008bf00000, 0x000000008c000000, 0x000000008c000000|100%| O|  |TAMS 0x000000008c000000, 0x000000008c000000| Untracked 
| 192|0x000000008c000000, 0x000000008c100000, 0x000000008c100000|100%| O|  |TAMS 0x000000008c100000, 0x000000008c100000| Untracked 
| 193|0x000000008c100000, 0x000000008c200000, 0x000000008c200000|100%| O|  |TAMS 0x000000008c100000, 0x000000008c200000| Untracked 
| 194|0x000000008c200000, 0x000000008c300000, 0x000000008c300000|100%| O|  |TAMS 0x000000008c280000, 0x000000008c300000| Untracked 
| 195|0x000000008c300000, 0x000000008c400000, 0x000000008c400000|100%|HS|  |TAMS 0x000000008c300000, 0x000000008c400000| Complete 
| 196|0x000000008c400000, 0x000000008c500000, 0x000000008c500000|100%|HC|  |TAMS 0x000000008c400000, 0x000000008c500000| Complete 
| 197|0x000000008c500000, 0x000000008c600000, 0x000000008c600000|100%| O|  |TAMS 0x000000008c500000, 0x000000008c600000| Untracked 
| 198|0x000000008c600000, 0x000000008c700000, 0x000000008c700000|100%| O|  |TAMS 0x000000008c600000, 0x000000008c700000| Untracked 
| 199|0x000000008c700000, 0x000000008c800000, 0x000000008c800000|100%| O|  |TAMS 0x000000008c700000, 0x000000008c800000| Untracked 
| 200|0x000000008c800000, 0x000000008c900000, 0x000000008c900000|100%| O|  |TAMS 0x000000008c800000, 0x000000008c900000| Untracked 
| 201|0x000000008c900000, 0x000000008ca00000, 0x000000008ca00000|100%| O|  |TAMS 0x000000008c900000, 0x000000008ca00000| Untracked 
| 202|0x000000008ca00000, 0x000000008cb00000, 0x000000008cb00000|100%| O|  |TAMS 0x000000008ca00000, 0x000000008cb00000| Untracked 
| 203|0x000000008cb00000, 0x000000008cc00000, 0x000000008cc00000|100%| O|  |TAMS 0x000000008cb00000, 0x000000008cc00000| Untracked 
| 204|0x000000008cc00000, 0x000000008cd00000, 0x000000008cd00000|100%| O|  |TAMS 0x000000008cc00000, 0x000000008cd00000| Untracked 
| 205|0x000000008cd00000, 0x000000008ce00000, 0x000000008ce00000|100%| O|  |TAMS 0x000000008cd00000, 0x000000008ce00000| Untracked 
| 206|0x000000008ce00000, 0x000000008cf00000, 0x000000008cf00000|100%| O|  |TAMS 0x000000008ce00000, 0x000000008cf00000| Untracked 
| 207|0x000000008cf00000, 0x000000008d000000, 0x000000008d000000|100%| O|  |TAMS 0x000000008cf00000, 0x000000008d000000| Untracked 
| 208|0x000000008d000000, 0x000000008d100000, 0x000000008d100000|100%| O|  |TAMS 0x000000008d000000, 0x000000008d100000| Untracked 
| 209|0x000000008d100000, 0x000000008d200000, 0x000000008d200000|100%| O|  |TAMS 0x000000008d100000, 0x000000008d200000| Untracked 
| 210|0x000000008d200000, 0x000000008d300000, 0x000000008d300000|100%| O|  |TAMS 0x000000008d200000, 0x000000008d300000| Untracked 
| 211|0x000000008d300000, 0x000000008d400000, 0x000000008d400000|100%| O|  |TAMS 0x000000008d300000, 0x000000008d400000| Untracked 
| 212|0x000000008d400000, 0x000000008d500000, 0x000000008d500000|100%| O|  |TAMS 0x000000008d400000, 0x000000008d500000| Untracked 
| 213|0x000000008d500000, 0x000000008d600000, 0x000000008d600000|100%| O|  |TAMS 0x000000008d500000, 0x000000008d600000| Untracked 
| 214|0x000000008d600000, 0x000000008d700000, 0x000000008d700000|100%| O|  |TAMS 0x000000008d600000, 0x000000008d700000| Untracked 
| 215|0x000000008d700000, 0x000000008d800000, 0x000000008d800000|100%| O|  |TAMS 0x000000008d700000, 0x000000008d800000| Untracked 
| 216|0x000000008d800000, 0x000000008d900000, 0x000000008d900000|100%| O|  |TAMS 0x000000008d800000, 0x000000008d900000| Untracked 
| 217|0x000000008d900000, 0x000000008da00000, 0x000000008da00000|100%| O|  |TAMS 0x000000008d900000, 0x000000008da00000| Untracked 
| 218|0x000000008da00000, 0x000000008db00000, 0x000000008db00000|100%| O|  |TAMS 0x000000008da00000, 0x000000008db00000| Untracked 
| 219|0x000000008db00000, 0x000000008dc00000, 0x000000008dc00000|100%| O|  |TAMS 0x000000008db00000, 0x000000008dc00000| Untracked 
| 220|0x000000008dc00000, 0x000000008dd00000, 0x000000008dd00000|100%| O|  |TAMS 0x000000008dc00000, 0x000000008dd00000| Untracked 
| 221|0x000000008dd00000, 0x000000008de00000, 0x000000008de00000|100%| O|  |TAMS 0x000000008dd00000, 0x000000008de00000| Untracked 
| 222|0x000000008de00000, 0x000000008df00000, 0x000000008df00000|100%| O|  |TAMS 0x000000008de00000, 0x000000008df00000| Untracked 
| 223|0x000000008df00000, 0x000000008e000000, 0x000000008e000000|100%| O|  |TAMS 0x000000008df00000, 0x000000008e000000| Untracked 
| 224|0x000000008e000000, 0x000000008e100000, 0x000000008e100000|100%| O|  |TAMS 0x000000008e000000, 0x000000008e100000| Untracked 
| 225|0x000000008e100000, 0x000000008e200000, 0x000000008e200000|100%| O|  |TAMS 0x000000008e100000, 0x000000008e200000| Untracked 
| 226|0x000000008e200000, 0x000000008e300000, 0x000000008e300000|100%| O|  |TAMS 0x000000008e200000, 0x000000008e300000| Untracked 
| 227|0x000000008e300000, 0x000000008e400000, 0x000000008e400000|100%| O|  |TAMS 0x000000008e300000, 0x000000008e400000| Untracked 
| 228|0x000000008e400000, 0x000000008e500000, 0x000000008e500000|100%| O|  |TAMS 0x000000008e400000, 0x000000008e500000| Untracked 
| 229|0x000000008e500000, 0x000000008e600000, 0x000000008e600000|100%| O|  |TAMS 0x000000008e500000, 0x000000008e600000| Untracked 
| 230|0x000000008e600000, 0x000000008e700000, 0x000000008e700000|100%| O|  |TAMS 0x000000008e600000, 0x000000008e700000| Untracked 
| 231|0x000000008e700000, 0x000000008e800000, 0x000000008e800000|100%| O|  |TAMS 0x000000008e700000, 0x000000008e800000| Untracked 
| 232|0x000000008e800000, 0x000000008e900000, 0x000000008e900000|100%| O|  |TAMS 0x000000008e800000, 0x000000008e900000| Untracked 
| 233|0x000000008e900000, 0x000000008ea00000, 0x000000008ea00000|100%| O|  |TAMS 0x000000008e900000, 0x000000008ea00000| Untracked 
| 234|0x000000008ea00000, 0x000000008eb00000, 0x000000008eb00000|100%| O|  |TAMS 0x000000008ea00000, 0x000000008eb00000| Untracked 
| 235|0x000000008eb00000, 0x000000008ec00000, 0x000000008ec00000|100%| O|  |TAMS 0x000000008eb00000, 0x000000008ec00000| Untracked 
| 236|0x000000008ec00000, 0x000000008ed00000, 0x000000008ed00000|100%| O|  |TAMS 0x000000008ec00000, 0x000000008ed00000| Untracked 
| 237|0x000000008ed00000, 0x000000008ee00000, 0x000000008ee00000|100%| O|  |TAMS 0x000000008ed00000, 0x000000008ee00000| Untracked 
| 238|0x000000008ee00000, 0x000000008ef00000, 0x000000008ef00000|100%| O|  |TAMS 0x000000008ee00000, 0x000000008ef00000| Untracked 
| 239|0x000000008ef00000, 0x000000008f000000, 0x000000008f000000|100%| O|  |TAMS 0x000000008ef00000, 0x000000008f000000| Untracked 
| 240|0x000000008f000000, 0x000000008f100000, 0x000000008f100000|100%| O|  |TAMS 0x000000008f000000, 0x000000008f100000| Untracked 
| 241|0x000000008f100000, 0x000000008f200000, 0x000000008f200000|100%| O|  |TAMS 0x000000008f100000, 0x000000008f200000| Untracked 
| 242|0x000000008f200000, 0x000000008f300000, 0x000000008f300000|100%| O|  |TAMS 0x000000008f200000, 0x000000008f300000| Untracked 
| 243|0x000000008f300000, 0x000000008f400000, 0x000000008f400000|100%| O|  |TAMS 0x000000008f300000, 0x000000008f400000| Untracked 
| 244|0x000000008f400000, 0x000000008f500000, 0x000000008f500000|100%| O|  |TAMS 0x000000008f400000, 0x000000008f500000| Untracked 
| 245|0x000000008f500000, 0x000000008f600000, 0x000000008f600000|100%| O|  |TAMS 0x000000008f500000, 0x000000008f600000| Untracked 
| 246|0x000000008f600000, 0x000000008f700000, 0x000000008f700000|100%| O|  |TAMS 0x000000008f600000, 0x000000008f700000| Untracked 
| 247|0x000000008f700000, 0x000000008f800000, 0x000000008f800000|100%| O|  |TAMS 0x000000008f700000, 0x000000008f800000| Untracked 
| 248|0x000000008f800000, 0x000000008f900000, 0x000000008f900000|100%| O|  |TAMS 0x000000008f800000, 0x000000008f900000| Untracked 
| 249|0x000000008f900000, 0x000000008fa00000, 0x000000008fa00000|100%| O|  |TAMS 0x000000008f900000, 0x000000008fa00000| Untracked 
| 250|0x000000008fa00000, 0x000000008fb00000, 0x000000008fb00000|100%| O|  |TAMS 0x000000008fa00000, 0x000000008fb00000| Untracked 
| 251|0x000000008fb00000, 0x000000008fc00000, 0x000000008fc00000|100%| O|  |TAMS 0x000000008fb00000, 0x000000008fc00000| Untracked 
| 252|0x000000008fc00000, 0x000000008fd00000, 0x000000008fd00000|100%| O|  |TAMS 0x000000008fc00000, 0x000000008fd00000| Untracked 
| 253|0x000000008fd00000, 0x000000008fe00000, 0x000000008fe00000|100%| O|  |TAMS 0x000000008fd00000, 0x000000008fe00000| Untracked 
| 254|0x000000008fe00000, 0x000000008ff00000, 0x000000008ff00000|100%| O|  |TAMS 0x000000008fe00000, 0x000000008ff00000| Untracked 
| 255|0x000000008ff00000, 0x0000000090000000, 0x0000000090000000|100%| O|  |TAMS 0x000000008ff00000, 0x0000000090000000| Untracked 
| 256|0x0000000090000000, 0x0000000090100000, 0x0000000090100000|100%| O|  |TAMS 0x0000000090000000, 0x0000000090100000| Untracked 
| 257|0x0000000090100000, 0x0000000090200000, 0x0000000090200000|100%| O|  |TAMS 0x0000000090100000, 0x0000000090200000| Untracked 
| 258|0x0000000090200000, 0x0000000090300000, 0x0000000090300000|100%| O|  |TAMS 0x0000000090200000, 0x0000000090200000| Untracked 
| 259|0x0000000090300000, 0x0000000090400000, 0x0000000090400000|100%| O|  |TAMS 0x0000000090300000, 0x0000000090400000| Untracked 
| 260|0x0000000090400000, 0x0000000090500000, 0x0000000090500000|100%| O|  |TAMS 0x0000000090400000, 0x0000000090500000| Untracked 
| 261|0x0000000090500000, 0x0000000090600000, 0x0000000090600000|100%| O|  |TAMS 0x0000000090500000, 0x0000000090600000| Untracked 
| 262|0x0000000090600000, 0x0000000090700000, 0x0000000090700000|100%| O|  |TAMS 0x0000000090600000, 0x0000000090700000| Untracked 
| 263|0x0000000090700000, 0x0000000090800000, 0x0000000090800000|100%| O|  |TAMS 0x0000000090700000, 0x0000000090800000| Untracked 
| 264|0x0000000090800000, 0x0000000090900000, 0x0000000090900000|100%| O|  |TAMS 0x0000000090800000, 0x0000000090900000| Untracked 
| 265|0x0000000090900000, 0x0000000090a00000, 0x0000000090a00000|100%| O|  |TAMS 0x0000000090900000, 0x0000000090a00000| Untracked 
| 266|0x0000000090a00000, 0x0000000090b00000, 0x0000000090b00000|100%| O|  |TAMS 0x0000000090a00000, 0x0000000090b00000| Untracked 
| 267|0x0000000090b00000, 0x0000000090c00000, 0x0000000090c00000|100%| O|  |TAMS 0x0000000090b00000, 0x0000000090c00000| Untracked 
| 268|0x0000000090c00000, 0x0000000090d00000, 0x0000000090d00000|100%| O|  |TAMS 0x0000000090c00000, 0x0000000090d00000| Untracked 
| 269|0x0000000090d00000, 0x0000000090e00000, 0x0000000090e00000|100%| O|  |TAMS 0x0000000090d00000, 0x0000000090e00000| Untracked 
| 270|0x0000000090e00000, 0x0000000090f00000, 0x0000000090f00000|100%| O|  |TAMS 0x0000000090e00000, 0x0000000090f00000| Untracked 
| 271|0x0000000090f00000, 0x0000000091000000, 0x0000000091000000|100%| O|  |TAMS 0x0000000090f00000, 0x0000000091000000| Untracked 
| 272|0x0000000091000000, 0x0000000091100000, 0x0000000091100000|100%| O|  |TAMS 0x0000000091000000, 0x0000000091100000| Untracked 
| 273|0x0000000091100000, 0x0000000091200000, 0x0000000091200000|100%| O|  |TAMS 0x0000000091100000, 0x0000000091200000| Untracked 
| 274|0x0000000091200000, 0x0000000091300000, 0x0000000091300000|100%| O|  |TAMS 0x0000000091200000, 0x0000000091300000| Untracked 
| 275|0x0000000091300000, 0x0000000091400000, 0x0000000091400000|100%| O|  |TAMS 0x0000000091300000, 0x0000000091400000| Untracked 
| 276|0x0000000091400000, 0x0000000091500000, 0x0000000091500000|100%| O|  |TAMS 0x0000000091400000, 0x0000000091400000| Untracked 
| 277|0x0000000091500000, 0x0000000091600000, 0x0000000091600000|100%| O|  |TAMS 0x0000000091500000, 0x0000000091600000| Untracked 
| 278|0x0000000091600000, 0x0000000091700000, 0x0000000091700000|100%| O|  |TAMS 0x0000000091600000, 0x0000000091700000| Untracked 
| 279|0x0000000091700000, 0x0000000091800000, 0x0000000091800000|100%| O|  |TAMS 0x0000000091700000, 0x0000000091800000| Untracked 
| 280|0x0000000091800000, 0x0000000091900000, 0x0000000091900000|100%| O|  |TAMS 0x0000000091800000, 0x0000000091900000| Untracked 
| 281|0x0000000091900000, 0x0000000091a00000, 0x0000000091a00000|100%| O|  |TAMS 0x0000000091900000, 0x0000000091a00000| Untracked 
| 282|0x0000000091a00000, 0x0000000091b00000, 0x0000000091b00000|100%| O|  |TAMS 0x0000000091a00000, 0x0000000091a9a800| Untracked 
| 283|0x0000000091b00000, 0x0000000091c00000, 0x0000000091c00000|100%| O|  |TAMS 0x0000000091b00000, 0x0000000091b00000| Untracked 
| 284|0x0000000091c00000, 0x0000000091d00000, 0x0000000091d00000|100%| O|  |TAMS 0x0000000091c00000, 0x0000000091c00000| Untracked 
| 285|0x0000000091d00000, 0x0000000091e00000, 0x0000000091e00000|100%| O|  |TAMS 0x0000000091d00000, 0x0000000091d00000| Untracked 
| 286|0x0000000091e00000, 0x0000000091f00000, 0x0000000091f00000|100%| O|  |TAMS 0x0000000091e00000, 0x0000000091e00000| Untracked 
| 287|0x0000000091f00000, 0x0000000092000000, 0x0000000092000000|100%| O|  |TAMS 0x0000000091f00000, 0x0000000091f00000| Untracked 
| 288|0x0000000092000000, 0x0000000092100000, 0x0000000092100000|100%| O|  |TAMS 0x0000000092000000, 0x0000000092000000| Untracked 
| 289|0x0000000092100000, 0x0000000092200000, 0x0000000092200000|100%| O|  |TAMS 0x0000000092100000, 0x0000000092100000| Untracked 
| 290|0x0000000092200000, 0x0000000092300000, 0x0000000092300000|100%| O|  |TAMS 0x0000000092200000, 0x0000000092200000| Untracked 
| 291|0x0000000092300000, 0x0000000092400000, 0x0000000092400000|100%| O|  |TAMS 0x0000000092300000, 0x0000000092300000| Untracked 
| 292|0x0000000092400000, 0x0000000092500000, 0x0000000092500000|100%| O|  |TAMS 0x0000000092400000, 0x0000000092400000| Untracked 
| 293|0x0000000092500000, 0x0000000092600000, 0x0000000092600000|100%| O|  |TAMS 0x0000000092500000, 0x0000000092500000| Untracked 
| 294|0x0000000092600000, 0x0000000092700000, 0x0000000092700000|100%| O|  |TAMS 0x0000000092600000, 0x0000000092600000| Untracked 
| 295|0x0000000092700000, 0x0000000092800000, 0x0000000092800000|100%| O|  |TAMS 0x0000000092700000, 0x0000000092700000| Untracked 
| 296|0x0000000092800000, 0x0000000092900000, 0x0000000092900000|100%| O|  |TAMS 0x0000000092800000, 0x0000000092800000| Untracked 
| 297|0x0000000092900000, 0x0000000092a00000, 0x0000000092a00000|100%| O|  |TAMS 0x0000000092900000, 0x0000000092900000| Untracked 
| 298|0x0000000092a00000, 0x0000000092b00000, 0x0000000092b00000|100%| O|  |TAMS 0x0000000092a00000, 0x0000000092a00000| Untracked 
| 299|0x0000000092b00000, 0x0000000092c00000, 0x0000000092c00000|100%| O|  |TAMS 0x0000000092b00000, 0x0000000092b00000| Untracked 
| 300|0x0000000092c00000, 0x0000000092d00000, 0x0000000092d00000|100%| O|  |TAMS 0x0000000092c00000, 0x0000000092c00000| Untracked 
| 301|0x0000000092d00000, 0x0000000092e00000, 0x0000000092e00000|100%| O|  |TAMS 0x0000000092d00000, 0x0000000092d00000| Untracked 
| 302|0x0000000092e00000, 0x0000000092f00000, 0x0000000092f00000|100%| O|  |TAMS 0x0000000092e00000, 0x0000000092e00000| Untracked 
| 303|0x0000000092f00000, 0x0000000093000000, 0x0000000093000000|100%| O|  |TAMS 0x0000000092f00000, 0x0000000092f00000| Untracked 
| 304|0x0000000093000000, 0x0000000093100000, 0x0000000093100000|100%| O|  |TAMS 0x0000000093000000, 0x0000000093000000| Untracked 
| 305|0x0000000093100000, 0x0000000093200000, 0x0000000093200000|100%| O|  |TAMS 0x0000000093100000, 0x0000000093100000| Untracked 
| 306|0x0000000093200000, 0x0000000093300000, 0x0000000093300000|100%| O|  |TAMS 0x0000000093200000, 0x0000000093200000| Untracked 
| 307|0x0000000093300000, 0x0000000093400000, 0x0000000093400000|100%| O|  |TAMS 0x0000000093300000, 0x0000000093300000| Untracked 
| 308|0x0000000093400000, 0x0000000093500000, 0x0000000093500000|100%| O|  |TAMS 0x0000000093400000, 0x0000000093400000| Untracked 
| 309|0x0000000093500000, 0x0000000093600000, 0x0000000093600000|100%| O|  |TAMS 0x0000000093500000, 0x0000000093500000| Untracked 
| 310|0x0000000093600000, 0x0000000093700000, 0x0000000093700000|100%| O|  |TAMS 0x0000000093600000, 0x0000000093600000| Untracked 
| 311|0x0000000093700000, 0x0000000093800000, 0x0000000093800000|100%| O|  |TAMS 0x0000000093700000, 0x0000000093700000| Untracked 
| 312|0x0000000093800000, 0x0000000093800000, 0x0000000093900000|  0%| F|  |TAMS 0x0000000093800000, 0x0000000093800000| Untracked 
| 313|0x0000000093900000, 0x0000000093900000, 0x0000000093a00000|  0%| F|  |TAMS 0x0000000093900000, 0x0000000093900000| Untracked 
| 314|0x0000000093a00000, 0x0000000093a00000, 0x0000000093b00000|  0%| F|  |TAMS 0x0000000093a00000, 0x0000000093a00000| Untracked 
| 315|0x0000000093b00000, 0x0000000093b00000, 0x0000000093c00000|  0%| F|  |TAMS 0x0000000093b00000, 0x0000000093b00000| Untracked 
| 316|0x0000000093c00000, 0x0000000093c00000, 0x0000000093d00000|  0%| F|  |TAMS 0x0000000093c00000, 0x0000000093c00000| Untracked 
| 317|0x0000000093d00000, 0x0000000093d00000, 0x0000000093e00000|  0%| F|  |TAMS 0x0000000093d00000, 0x0000000093d00000| Untracked 
| 318|0x0000000093e00000, 0x0000000093e00000, 0x0000000093f00000|  0%| F|  |TAMS 0x0000000093e00000, 0x0000000093e00000| Untracked 
| 319|0x0000000093f00000, 0x0000000093f00000, 0x0000000094000000|  0%| F|  |TAMS 0x0000000093f00000, 0x0000000093f00000| Untracked 
| 320|0x0000000094000000, 0x0000000094000000, 0x0000000094100000|  0%| F|  |TAMS 0x0000000094000000, 0x0000000094000000| Untracked 
| 321|0x0000000094100000, 0x0000000094100000, 0x0000000094200000|  0%| F|  |TAMS 0x0000000094100000, 0x0000000094100000| Untracked 
| 322|0x0000000094200000, 0x0000000094200000, 0x0000000094300000|  0%| F|  |TAMS 0x0000000094200000, 0x0000000094200000| Untracked 
| 323|0x0000000094300000, 0x0000000094300000, 0x0000000094400000|  0%| F|  |TAMS 0x0000000094300000, 0x0000000094300000| Untracked 
| 324|0x0000000094400000, 0x0000000094400000, 0x0000000094500000|  0%| F|  |TAMS 0x0000000094400000, 0x0000000094400000| Untracked 
| 325|0x0000000094500000, 0x0000000094500000, 0x0000000094600000|  0%| F|  |TAMS 0x0000000094500000, 0x0000000094500000| Untracked 
| 326|0x0000000094600000, 0x0000000094600000, 0x0000000094700000|  0%| F|  |TAMS 0x0000000094600000, 0x0000000094600000| Untracked 
| 327|0x0000000094700000, 0x0000000094700000, 0x0000000094800000|  0%| F|  |TAMS 0x0000000094700000, 0x0000000094700000| Untracked 
| 328|0x0000000094800000, 0x0000000094800000, 0x0000000094900000|  0%| F|  |TAMS 0x0000000094800000, 0x0000000094800000| Untracked 
| 329|0x0000000094900000, 0x0000000094925220, 0x0000000094a00000| 14%| S|CS|TAMS 0x0000000094900000, 0x0000000094900000| Complete 
| 330|0x0000000094a00000, 0x0000000094b00000, 0x0000000094b00000|100%| S|CS|TAMS 0x0000000094a00000, 0x0000000094a00000| Complete 
| 331|0x0000000094b00000, 0x0000000094b00000, 0x0000000094c00000|  0%| F|  |TAMS 0x0000000094b00000, 0x0000000094b00000| Untracked 
| 332|0x0000000094c00000, 0x0000000094c00000, 0x0000000094d00000|  0%| F|  |TAMS 0x0000000094c00000, 0x0000000094c00000| Untracked 
| 333|0x0000000094d00000, 0x0000000094d00000, 0x0000000094e00000|  0%| F|  |TAMS 0x0000000094d00000, 0x0000000094d00000| Untracked 
| 334|0x0000000094e00000, 0x0000000094e00000, 0x0000000094f00000|  0%| F|  |TAMS 0x0000000094e00000, 0x0000000094e00000| Untracked 
| 335|0x0000000094f00000, 0x0000000094f00000, 0x0000000095000000|  0%| F|  |TAMS 0x0000000094f00000, 0x0000000094f00000| Untracked 
| 336|0x0000000095000000, 0x0000000095000000, 0x0000000095100000|  0%| F|  |TAMS 0x0000000095000000, 0x0000000095000000| Untracked 
| 337|0x0000000095100000, 0x0000000095100000, 0x0000000095200000|  0%| F|  |TAMS 0x0000000095100000, 0x0000000095100000| Untracked 
| 338|0x0000000095200000, 0x0000000095200000, 0x0000000095300000|  0%| F|  |TAMS 0x0000000095200000, 0x0000000095200000| Untracked 
| 339|0x0000000095300000, 0x0000000095300000, 0x0000000095400000|  0%| F|  |TAMS 0x0000000095300000, 0x0000000095300000| Untracked 
| 340|0x0000000095400000, 0x0000000095400000, 0x0000000095500000|  0%| F|  |TAMS 0x0000000095400000, 0x0000000095400000| Untracked 
| 341|0x0000000095500000, 0x0000000095500000, 0x0000000095600000|  0%| F|  |TAMS 0x0000000095500000, 0x0000000095500000| Untracked 
| 342|0x0000000095600000, 0x0000000095600000, 0x0000000095700000|  0%| F|  |TAMS 0x0000000095600000, 0x0000000095600000| Untracked 
| 343|0x0000000095700000, 0x0000000095700000, 0x0000000095800000|  0%| F|  |TAMS 0x0000000095700000, 0x0000000095700000| Untracked 
| 344|0x0000000095800000, 0x0000000095800000, 0x0000000095900000|  0%| F|  |TAMS 0x0000000095800000, 0x0000000095800000| Untracked 

Card table byte_map: [0x0000000015b50000,0x0000000015f50000] _byte_map_base: 0x0000000015750000

Marking Bits (Prev, Next): (CMBitMap*) 0x00000000005bafe8, (CMBitMap*) 0x00000000005bb020
 Prev Bits: [0x0000000016350000, 0x0000000018350000)
 Next Bits: [0x0000000018350000, 0x000000001a350000)

Polling page: 0x00000000004c0000

Metaspace:

Usage:
  Non-class:    113.08 MB capacity,   111.34 MB ( 98%) used,     1.40 MB (  1%) free+waste,   342.56 KB ( <1%) overhead. 
      Class:     16.34 MB capacity,    15.30 MB ( 94%) used,   916.13 KB (  5%) free+waste,   147.56 KB ( <1%) overhead. 
       Both:    129.42 MB capacity,   126.65 MB ( 98%) used,     2.29 MB (  2%) free+waste,   490.13 KB ( <1%) overhead. 

Virtual space:
  Non-class space:      114.00 MB reserved,     113.20 MB (>99%) committed 
      Class space:        1.00 GB reserved,      16.38 MB (  2%) committed 
             Both:        1.11 GB reserved,     129.58 MB ( 11%) committed 

Chunk freelists:
   Non-Class:  2.00 KB
       Class:  2.00 KB
        Both:  4.00 KB

MaxMetaspaceSize: 17179869184.00 GB
CompressedClassSpaceSize: 1.00 GB
Initial GC threshold: 20.80 MB
Current GC threshold: 215.55 MB
CDS: off

CodeHeap 'non-profiled nmethods': size=120064Kb used=9075Kb max_used=9075Kb free=110988Kb
 bounds [0x000000000da60000, 0x000000000e340000, 0x0000000014fa0000]
CodeHeap 'profiled nmethods': size=120000Kb used=38017Kb max_used=38017Kb free=81982Kb
 bounds [0x0000000006530000, 0x0000000008a60000, 0x000000000da60000]
CodeHeap 'non-nmethods': size=5696Kb used=2446Kb max_used=2488Kb free=3249Kb
 bounds [0x0000000005fa0000, 0x0000000006220000, 0x0000000006530000]
 total_blobs=18762 nmethods=17771 adapters=903
 compilation: enabled
              stopped_count=0, restarted_count=0
 full_count=0

Compilation events (20 events):
Event: 79.425 Thread 0x000000005d7b6000 18300       2       com.sun.tools.javac.comp.TypeEnter$ImportsPhase$$Lambda$1285/0x000000001ddc7440::get$Lambda (10 bytes)
Event: 79.426 Thread 0x000000005d7b6000 nmethod 18300 0x0000000008a4ce90 code [0x0000000008a4d040, 0x0000000008a4d238]
Event: 79.426 Thread 0x000000005d7b6000 18304       2       com.sun.tools.javac.tree.JCTree$JCExpression::setType (8 bytes)
Event: 79.426 Thread 0x000000005d7b6000 nmethod 18304 0x0000000008a4d310 code [0x0000000008a4d4c0, 0x0000000008a4d618]
Event: 79.426 Thread 0x000000005d7b6000 18303       2       com.sun.tools.javac.tree.JCTree$JCExpression::setPos (8 bytes)
Event: 79.426 Thread 0x000000005d7b6000 nmethod 18303 0x0000000008a4d690 code [0x0000000008a4d840, 0x0000000008a4d938]
Event: 79.426 Thread 0x000000005d7b6000 18301       2       com.sun.tools.javac.comp.TypeEnter$ImportsPhase$$Lambda$1285/0x000000001ddc7440::<init> (15 bytes)
Event: 79.426 Thread 0x000000005d7b6000 nmethod 18301 0x0000000008a4da10 code [0x0000000008a4dbc0, 0x0000000008a4dd58]
Event: 79.426 Thread 0x000000005d7b6000 18302       2       com.sun.tools.javac.tree.TreeMaker::at (20 bytes)
Event: 79.427 Thread 0x000000005d7b6000 nmethod 18302 0x0000000008a4de10 code [0x0000000008a4dfc0, 0x0000000008a4e108]
Event: 79.435 Thread 0x000000005d7b6000 18305       2       com.sun.tools.javac.tree.TreeMaker::Apply (24 bytes)
Event: 79.436 Thread 0x000000005d7b6000 nmethod 18305 0x0000000008a4e190 code [0x0000000008a4e340, 0x0000000008a4e5d8]
Event: 79.436 Thread 0x000000005d7b6000 18306       2       com.sun.tools.javac.tree.JCTree$JCMethodInvocation::<init> (30 bytes)
Event: 79.436 Thread 0x000000005d7b6000 nmethod 18306 0x0000000008a4e690 code [0x0000000008a4e840, 0x0000000008a4ea58]
Event: 79.438 Thread 0x000000005d7b6000 18307       2       com.sun.tools.javac.comp.TypeEnter$ImportsPhase::importAll (31 bytes)
Event: 79.438 Thread 0x000000005d7b6000 nmethod 18307 0x0000000008a4eb10 code [0x0000000008a4ece0, 0x0000000008a4ee78]
Event: 79.438 Thread 0x000000005d7b6000 18308       2       com.sun.tools.javac.code.Scope$StarImportScope::importAll (104 bytes)
Event: 79.439 Thread 0x000000005d7b6000 nmethod 18308 0x0000000008a4f010 code [0x0000000008a4f240, 0x0000000008a4f8a8]
Event: 79.439 Thread 0x000000005d7b6000 18309       2       com.sun.tools.javac.comp.TypeEnter::ensureImportsChecked (62 bytes)
Event: 79.440 Thread 0x000000005d7b6000 nmethod 18309 0x0000000008a4fc90 code [0x0000000008a4fea0, 0x0000000008a502a8]

GC Heap History (20 events):
Event: 78.696 GC heap after
{Heap after GC invocations=63 (full 0):
 garbage-first heap   total 276480K, used 235008K [0x0000000080000000, 0x0000000100000000)
  region size 1024K, 2 young (2048K), 2 survivors (2048K)
 Metaspace       used 129509K, capacity 132330K, committed 132432K, reserved 1165312K
  class space    used 15667K, capacity 16734K, committed 16768K, reserved 1048576K
}
Event: 78.716 GC heap before
{Heap before GC invocations=63 (full 0):
 garbage-first heap   total 276480K, used 246272K [0x0000000080000000, 0x0000000100000000)
  region size 1024K, 13 young (13312K), 2 survivors (2048K)
 Metaspace       used 129509K, capacity 132330K, committed 132432K, reserved 1165312K
  class space    used 15667K, capacity 16734K, committed 16768K, reserved 1048576K
}
Event: 78.728 GC heap after
{Heap after GC invocations=64 (full 0):
 garbage-first heap   total 276480K, used 243712K [0x0000000080000000, 0x0000000100000000)
  region size 1024K, 2 young (2048K), 2 survivors (2048K)
 Metaspace       used 129509K, capacity 132330K, committed 132432K, reserved 1165312K
  class space    used 15667K, capacity 16734K, committed 16768K, reserved 1048576K
}
Event: 78.755 GC heap before
{Heap before GC invocations=64 (full 0):
 garbage-first heap   total 276480K, used 254976K [0x0000000080000000, 0x0000000100000000)
  region size 1024K, 13 young (13312K), 2 survivors (2048K)
 Metaspace       used 129509K, capacity 132330K, committed 132432K, reserved 1165312K
  class space    used 15667K, capacity 16734K, committed 16768K, reserved 1048576K
}
Event: 78.773 GC heap after
{Heap after GC invocations=65 (full 0):
 garbage-first heap   total 276480K, used 252786K [0x0000000080000000, 0x0000000100000000)
  region size 1024K, 2 young (2048K), 2 survivors (2048K)
 Metaspace       used 129509K, capacity 132330K, committed 132432K, reserved 1165312K
  class space    used 15667K, capacity 16734K, committed 16768K, reserved 1048576K
}
Event: 78.807 GC heap before
{Heap before GC invocations=65 (full 0):
 garbage-first heap   total 276480K, used 264050K [0x0000000080000000, 0x0000000100000000)
  region size 1024K, 13 young (13312K), 2 survivors (2048K)
 Metaspace       used 129509K, capacity 132330K, committed 132432K, reserved 1165312K
  class space    used 15667K, capacity 16734K, committed 16768K, reserved 1048576K
}
Event: 78.824 GC heap after
{Heap after GC invocations=66 (full 0):
 garbage-first heap   total 276480K, used 261538K [0x0000000080000000, 0x0000000100000000)
  region size 1024K, 2 young (2048K), 2 survivors (2048K)
 Metaspace       used 129509K, capacity 132330K, committed 132432K, reserved 1165312K
  class space    used 15667K, capacity 16734K, committed 16768K, reserved 1048576K
}
Event: 78.861 GC heap before
{Heap before GC invocations=66 (full 0):
 garbage-first heap   total 276480K, used 272802K [0x0000000080000000, 0x0000000100000000)
  region size 1024K, 13 young (13312K), 2 survivors (2048K)
 Metaspace       used 129510K, capacity 132330K, committed 132432K, reserved 1165312K
  class space    used 15667K, capacity 16734K, committed 16768K, reserved 1048576K
}
Event: 78.878 GC heap after
{Heap after GC invocations=67 (full 0):
 garbage-first heap   total 280576K, used 266635K [0x0000000080000000, 0x0000000100000000)
  region size 1024K, 2 young (2048K), 2 survivors (2048K)
 Metaspace       used 129510K, capacity 132330K, committed 132432K, reserved 1165312K
  class space    used 15667K, capacity 16734K, committed 16768K, reserved 1048576K
}
Event: 78.971 GC heap before
{Heap before GC invocations=68 (full 0):
 garbage-first heap   total 280576K, used 277899K [0x0000000080000000, 0x0000000100000000)
  region size 1024K, 13 young (13312K), 2 survivors (2048K)
 Metaspace       used 129550K, capacity 132394K, committed 132432K, reserved 1165312K
  class space    used 15667K, capacity 16734K, committed 16768K, reserved 1048576K
}
Event: 78.978 GC heap after
{Heap after GC invocations=69 (full 0):
 garbage-first heap   total 281600K, used 267982K [0x0000000080000000, 0x0000000100000000)
  region size 1024K, 1 young (1024K), 1 survivors (1024K)
 Metaspace       used 129550K, capacity 132394K, committed 132432K, reserved 1165312K
  class space    used 15667K, capacity 16734K, committed 16768K, reserved 1048576K
}
Event: 79.054 GC heap before
{Heap before GC invocations=69 (full 0):
 garbage-first heap   total 281600K, used 280270K [0x0000000080000000, 0x0000000100000000)
  region size 1024K, 13 young (13312K), 1 survivors (1024K)
 Metaspace       used 129612K, capacity 132458K, committed 132688K, reserved 1165312K
  class space    used 15667K, capacity 16734K, committed 16768K, reserved 1048576K
}
Event: 79.105 GC heap after
{Heap after GC invocations=70 (full 0):
 garbage-first heap   total 353280K, used 271906K [0x0000000080000000, 0x0000000100000000)
  region size 1024K, 2 young (2048K), 2 survivors (2048K)
 Metaspace       used 129612K, capacity 132458K, committed 132688K, reserved 1165312K
  class space    used 15667K, capacity 16734K, committed 16768K, reserved 1048576K
}
Event: 79.167 GC heap before
{Heap before GC invocations=70 (full 0):
 garbage-first heap   total 353280K, used 290338K [0x0000000080000000, 0x0000000100000000)
  region size 1024K, 20 young (20480K), 2 survivors (2048K)
 Metaspace       used 129612K, capacity 132458K, committed 132688K, reserved 1165312K
  class space    used 15667K, capacity 16734K, committed 16768K, reserved 1048576K
}
Event: 79.191 GC heap after
{Heap after GC invocations=71 (full 0):
 garbage-first heap   total 353280K, used 290410K [0x0000000080000000, 0x0000000100000000)
  region size 1024K, 3 young (3072K), 3 survivors (3072K)
 Metaspace       used 129612K, capacity 132458K, committed 132688K, reserved 1165312K
  class space    used 15667K, capacity 16734K, committed 16768K, reserved 1048576K
}
Event: 79.236 GC heap before
{Heap before GC invocations=71 (full 0):
 garbage-first heap   total 353280K, used 304746K [0x0000000080000000, 0x0000000100000000)
  region size 1024K, 17 young (17408K), 3 survivors (3072K)
 Metaspace       used 129612K, capacity 132458K, committed 132688K, reserved 1165312K
  class space    used 15667K, capacity 16734K, committed 16768K, reserved 1048576K
}
Event: 79.259 GC heap after
{Heap after GC invocations=72 (full 0):
 garbage-first heap   total 353280K, used 305664K [0x0000000080000000, 0x0000000100000000)
  region size 1024K, 3 young (3072K), 3 survivors (3072K)
 Metaspace       used 129612K, capacity 132458K, committed 132688K, reserved 1165312K
  class space    used 15667K, capacity 16734K, committed 16768K, reserved 1048576K
}
Event: 79.310 GC heap before
{Heap before GC invocations=72 (full 0):
 garbage-first heap   total 353280K, used 320000K [0x0000000080000000, 0x0000000100000000)
  region size 1024K, 17 young (17408K), 3 survivors (3072K)
 Metaspace       used 129612K, capacity 132458K, committed 132688K, reserved 1165312K
  class space    used 15667K, capacity 16734K, committed 16768K, reserved 1048576K
}
Event: 79.336 GC heap after
{Heap after GC invocations=73 (full 0):
 garbage-first heap   total 353280K, used 318464K [0x0000000080000000, 0x0000000100000000)
  region size 1024K, 3 young (3072K), 3 survivors (3072K)
 Metaspace       used 129612K, capacity 132458K, committed 132688K, reserved 1165312K
  class space    used 15667K, capacity 16734K, committed 16768K, reserved 1048576K
}
Event: 79.441 GC heap before
{Heap before GC invocations=73 (full 0):
 garbage-first heap   total 353280K, used 332800K [0x0000000080000000, 0x0000000100000000)
  region size 1024K, 17 young (17408K), 3 survivors (3072K)
 Metaspace       used 129686K, capacity 132524K, committed 132688K, reserved 1165312K
  class space    used 15670K, capacity 16734K, committed 16768K, reserved 1048576K
}

Deoptimization events (20 events):
Event: 78.513 Thread 0x0000000067aad800 DEOPT PACKING pc=0x000000000e2da4d0 sp=0x0000000071a4c6a0
Event: 78.513 Thread 0x0000000067aad800 DEOPT UNPACKING pc=0x0000000005fea1af sp=0x0000000071a4c610 mode 2
Event: 78.513 Thread 0x0000000067aad800 Uncommon trap: trap_request=0xffffffbe fr.pc=0x000000000e2da4d0 relative=0x0000000000000310
Event: 78.513 Thread 0x0000000067aad800 Uncommon trap: reason=profile_predicate action=maybe_recompile pc=0x000000000e2da4d0 method=java.util.regex.Pattern$Slice.match(Ljava/util/regex/Matcher;ILjava/lang/CharSequence;)Z @ 18 c2
Event: 78.513 Thread 0x0000000067aad800 DEOPT PACKING pc=0x000000000e2da4d0 sp=0x0000000071a4c6a0
Event: 78.513 Thread 0x0000000067aad800 DEOPT UNPACKING pc=0x0000000005fea1af sp=0x0000000071a4c610 mode 2
Event: 78.568 Thread 0x0000000067aad800 DEOPT PACKING pc=0x0000000007b65d40 sp=0x0000000071a4bed0
Event: 78.568 Thread 0x0000000067aad800 DEOPT UNPACKING pc=0x0000000005fea95e sp=0x0000000071a4b498 mode 0
Event: 78.842 Thread 0x0000000067aad800 DEOPT PACKING pc=0x0000000008960824 sp=0x0000000071a4c100
Event: 78.842 Thread 0x0000000067aad800 DEOPT UNPACKING pc=0x0000000005fea95e sp=0x0000000071a4b4b0 mode 0
Event: 78.999 Thread 0x0000000067aad800 DEOPT PACKING pc=0x000000000889fb9c sp=0x0000000071a4bb60
Event: 78.999 Thread 0x0000000067aad800 DEOPT UNPACKING pc=0x0000000005fea95e sp=0x0000000071a4af90 mode 0
Event: 79.008 Thread 0x0000000067aad800 DEOPT PACKING pc=0x00000000089994cd sp=0x0000000071a4bef0
Event: 79.008 Thread 0x0000000067aad800 DEOPT UNPACKING pc=0x0000000005fea95e sp=0x0000000071a4b378 mode 0
Event: 79.033 Thread 0x0000000067aad800 DEOPT PACKING pc=0x0000000007b65d40 sp=0x0000000071a4bf30
Event: 79.033 Thread 0x0000000067aad800 DEOPT UNPACKING pc=0x0000000005fea95e sp=0x0000000071a4b4f8 mode 0
Event: 79.166 Thread 0x0000000067aad800 DEOPT PACKING pc=0x000000000895354c sp=0x0000000071a4c310
Event: 79.166 Thread 0x0000000067aad800 DEOPT UNPACKING pc=0x0000000005fea95e sp=0x0000000071a4b818 mode 0
Event: 79.350 Thread 0x0000000067aad800 DEOPT PACKING pc=0x00000000089f4697 sp=0x0000000071a4c200
Event: 79.350 Thread 0x0000000067aad800 DEOPT UNPACKING pc=0x0000000005fea95e sp=0x0000000071a4b7a8 mode 0

Classes redefined (0 events):
No events

Internal exceptions (20 events):
Event: 78.260 Thread 0x0000000067aad800 Exception <a 'sun/nio/fs/WindowsException'{0x00000000903a90f0}> (0x00000000903a90f0) thrown at [./src/hotspot/share/prims/jni.cpp, line 616]
Event: 78.260 Thread 0x0000000067aad800 Exception <a 'sun/nio/fs/WindowsException'{0x00000000903a9ba8}> (0x00000000903a9ba8) thrown at [./src/hotspot/share/prims/jni.cpp, line 616]
Event: 78.260 Thread 0x0000000067aad800 Exception <a 'sun/nio/fs/WindowsException'{0x00000000903aa700}> (0x00000000903aa700) thrown at [./src/hotspot/share/prims/jni.cpp, line 616]
Event: 78.260 Thread 0x0000000067aad800 Exception <a 'sun/nio/fs/WindowsException'{0x00000000903aaf68}> (0x00000000903aaf68) thrown at [./src/hotspot/share/prims/jni.cpp, line 616]
Event: 78.261 Thread 0x0000000067aad800 Exception <a 'sun/nio/fs/WindowsException'{0x00000000903ab9e8}> (0x00000000903ab9e8) thrown at [./src/hotspot/share/prims/jni.cpp, line 616]
Event: 78.261 Thread 0x0000000067aad800 Exception <a 'sun/nio/fs/WindowsException'{0x00000000903aba68}> (0x00000000903aba68) thrown at [./src/hotspot/share/prims/jni.cpp, line 616]
Event: 78.261 Thread 0x0000000067aad800 Exception <a 'sun/nio/fs/WindowsException'{0x00000000903accf8}> (0x00000000903accf8) thrown at [./src/hotspot/share/prims/jni.cpp, line 616]
Event: 78.263 Thread 0x0000000067aad800 Exception <a 'sun/nio/fs/WindowsException'{0x00000000903ba220}> (0x00000000903ba220) thrown at [./src/hotspot/share/prims/jni.cpp, line 616]
Event: 78.263 Thread 0x0000000067aad800 Exception <a 'sun/nio/fs/WindowsException'{0x00000000903baf20}> (0x00000000903baf20) thrown at [./src/hotspot/share/prims/jni.cpp, line 616]
Event: 78.263 Thread 0x0000000067aad800 Exception <a 'sun/nio/fs/WindowsException'{0x00000000903bb9b8}> (0x00000000903bb9b8) thrown at [./src/hotspot/share/prims/jni.cpp, line 616]
Event: 78.263 Thread 0x0000000067aad800 Exception <a 'sun/nio/fs/WindowsException'{0x00000000903bc220}> (0x00000000903bc220) thrown at [./src/hotspot/share/prims/jni.cpp, line 616]
Event: 78.263 Thread 0x0000000067aad800 Exception <a 'sun/nio/fs/WindowsException'{0x00000000903bcc70}> (0x00000000903bcc70) thrown at [./src/hotspot/share/prims/jni.cpp, line 616]
Event: 78.263 Thread 0x0000000067aad800 Exception <a 'sun/nio/fs/WindowsException'{0x00000000903bccf0}> (0x00000000903bccf0) thrown at [./src/hotspot/share/prims/jni.cpp, line 616]
Event: 78.263 Thread 0x0000000067aad800 Exception <a 'sun/nio/fs/WindowsException'{0x00000000903bdf50}> (0x00000000903bdf50) thrown at [./src/hotspot/share/prims/jni.cpp, line 616]
Event: 78.263 Thread 0x0000000067aad800 Exception <a 'sun/nio/fs/WindowsException'{0x00000000903bdfd0}> (0x00000000903bdfd0) thrown at [./src/hotspot/share/prims/jni.cpp, line 616]
Event: 78.264 Thread 0x0000000067aad800 Exception <a 'sun/nio/fs/WindowsException'{0x00000000903bf228}> (0x00000000903bf228) thrown at [./src/hotspot/share/prims/jni.cpp, line 616]
Event: 78.292 Thread 0x0000000067aad800 Exception <a 'sun/nio/fs/WindowsException'{0x00000000902a7f38}> (0x00000000902a7f38) thrown at [./src/hotspot/share/prims/jni.cpp, line 616]
Event: 78.293 Thread 0x0000000067aad800 Exception <a 'sun/nio/fs/WindowsException'{0x00000000902a89f0}> (0x00000000902a89f0) thrown at [./src/hotspot/share/prims/jni.cpp, line 616]
Event: 78.297 Thread 0x0000000067aad800 Exception <a 'sun/nio/fs/WindowsException'{0x00000000902c5e18}> (0x00000000902c5e18) thrown at [./src/hotspot/share/prims/jni.cpp, line 616]
Event: 78.297 Thread 0x0000000067aad800 Exception <a 'sun/nio/fs/WindowsException'{0x00000000902c68d0}> (0x00000000902c68d0) thrown at [./src/hotspot/share/prims/jni.cpp, line 616]

Events (20 events):
Event: 78.878 Executing VM operation: G1CollectForAllocation done
Event: 78.922 Executing VM operation: CGC_Operation
Event: 78.922 Executing VM operation: CGC_Operation done
Event: 78.971 Executing VM operation: G1CollectForAllocation
Event: 78.978 Executing VM operation: G1CollectForAllocation done
Event: 79.054 Executing VM operation: G1CollectForAllocation
Event: 79.105 Executing VM operation: G1CollectForAllocation done
Event: 79.167 Executing VM operation: G1CollectForAllocation
Event: 79.191 Executing VM operation: G1CollectForAllocation done
Event: 79.236 Executing VM operation: G1CollectForAllocation
Event: 79.260 Executing VM operation: G1CollectForAllocation done
Event: 79.309 Executing VM operation: G1CollectForAllocation
Event: 79.336 Executing VM operation: G1CollectForAllocation done
Event: 79.354 loading class android/databinding/tool/processing/Scope
Event: 79.354 loading class android/databinding/tool/processing/Scope done
Event: 79.357 loading class android/databinding/tool/ext/ExtKt
Event: 79.357 loading class android/databinding/tool/ext/ExtKt done
Event: 79.359 loading class android/databinding/tool/ext/Replacement
Event: 79.359 loading class android/databinding/tool/ext/Replacement done
Event: 79.441 Executing VM operation: G1CollectForAllocation


Dynamic libraries:
0x000000013f370000 - 0x000000013f37a000 	C:\Program Files\Android\Android Studio\jre\bin\java.exe
0x0000000077040000 - 0x00000000771df000 	C:\Windows\SYSTEM32\ntdll.dll
0x0000000076e20000 - 0x0000000076f3f000 	C:\Windows\system32\kernel32.dll
0x000007fefcbb0000 - 0x000007fefcc17000 	C:\Windows\system32\KERNELBASE.dll
0x000007feda090000 - 0x000007feda0a9000 	C:\Program Files\Android\Android Studio\jre\bin\jli.dll
0x000007fefc490000 - 0x000007fefc685000 	C:\Windows\WinSxS\amd64_microsoft.windows.common-controls_6595b64144ccf1df_6.0.7601.24483_none_e372d88f30fbb845\COMCTL32.dll
0x000007fefea10000 - 0x000007fefeaaf000 	C:\Windows\system32\msvcrt.dll
0x000007fefcf60000 - 0x000007fefcfc7000 	C:\Windows\system32\GDI32.dll
0x0000000076f40000 - 0x000000007703a000 	C:\Windows\system32\USER32.dll
0x000007fefcf50000 - 0x000007fefcf5e000 	C:\Windows\system32\LPK.dll
0x000007feff1c0000 - 0x000007feff28b000 	C:\Windows\system32\USP10.dll
0x000007fefda90000 - 0x000007fefdb01000 	C:\Windows\system32\SHLWAPI.dll
0x000007feddff0000 - 0x000007fede007000 	C:\Program Files\Android\Android Studio\jre\bin\VCRUNTIME140.dll
0x000007fefb3a0000 - 0x000007fefb3a4000 	C:\Windows\system32\api-ms-win-crt-runtime-l1-1-0.dll
0x000007fee7f30000 - 0x000007fee8024000 	C:\Windows\system32\ucrtbase.DLL
0x000007fefb390000 - 0x000007fefb393000 	C:\Windows\system32\api-ms-win-core-timezone-l1-1-0.dll
0x000007fefa220000 - 0x000007fefa223000 	C:\Windows\system32\api-ms-win-core-file-l2-1-0.dll
0x000007fef9c90000 - 0x000007fef9c93000 	C:\Windows\system32\api-ms-win-core-localization-l1-2-0.dll
0x000007fefc1d0000 - 0x000007fefc1d3000 	C:\Windows\system32\api-ms-win-core-synch-l1-2-0.dll
0x000007fef86a0000 - 0x000007fef86a3000 	C:\Windows\system32\api-ms-win-core-processthreads-l1-1-1.dll
0x000007fef85b0000 - 0x000007fef85b3000 	C:\Windows\system32\api-ms-win-core-file-l1-2-0.dll
0x000007fef8590000 - 0x000007fef8594000 	C:\Windows\system32\api-ms-win-crt-string-l1-1-0.dll
0x000007fef85a0000 - 0x000007fef85a3000 	C:\Windows\system32\api-ms-win-crt-heap-l1-1-0.dll
0x000007fef8580000 - 0x000007fef8584000 	C:\Windows\system32\api-ms-win-crt-stdio-l1-1-0.dll
0x000007fef8570000 - 0x000007fef8574000 	C:\Windows\system32\api-ms-win-crt-convert-l1-1-0.dll
0x000007fef8560000 - 0x000007fef8563000 	C:\Windows\system32\api-ms-win-crt-environment-l1-1-0.dll
0x000007fef8530000 - 0x000007fef8533000 	C:\Windows\system32\api-ms-win-crt-filesystem-l1-1-0.dll
0x000007fef8540000 - 0x000007fef8545000 	C:\Windows\system32\api-ms-win-crt-math-l1-1-0.dll
0x000007fef7600000 - 0x000007fef7603000 	C:\Windows\system32\api-ms-win-crt-locale-l1-1-0.dll
0x000007fefee60000 - 0x000007fefee8e000 	C:\Windows\system32\IMM32.DLL
0x000007feff0b0000 - 0x000007feff1bb000 	C:\Windows\system32\MSCTF.dll
0x000007fecabe0000 - 0x000007fecac7d000 	C:\Program Files\Android\Android Studio\jre\bin\msvcp140.dll
0x000007fee92d0000 - 0x000007fee92d5000 	C:\Windows\system32\api-ms-win-crt-multibyte-l1-1-0.dll
0x000007fef8520000 - 0x000007fef8523000 	C:\Windows\system32\api-ms-win-crt-time-l1-1-0.dll
0x000007fef8550000 - 0x000007fef8553000 	C:\Windows\system32\api-ms-win-crt-utility-l1-1-0.dll
0x000007fec5460000 - 0x000007fec5f62000 	C:\Program Files\Android\Android Studio\jre\bin\server\jvm.dll
0x000007fefed80000 - 0x000007fefee5b000 	C:\Windows\system32\ADVAPI32.dll
0x000007fefd620000 - 0x000007fefd63f000 	C:\Windows\SYSTEM32\sechost.dll
0x000007fefd780000 - 0x000007fefd8ac000 	C:\Windows\system32\RPCRT4.dll
0x000007fef4d50000 - 0x000007fef4d59000 	C:\Windows\system32\WSOCK32.dll
0x000007fefdb10000 - 0x000007fefdb5d000 	C:\Windows\system32\WS2_32.dll
0x000007fefd480000 - 0x000007fefd488000 	C:\Windows\system32\NSI.dll
0x000007fef86b0000 - 0x000007fef86eb000 	C:\Windows\system32\WINMM.dll
0x000007fefc690000 - 0x000007fefc69c000 	C:\Windows\system32\VERSION.dll
0x00000000771f0000 - 0x00000000771f7000 	C:\Windows\system32\PSAPI.DLL
0x000007fef8500000 - 0x000007fef8511000 	C:\Program Files\Android\Android Studio\jre\bin\verify.dll
0x000007fee7270000 - 0x000007fee7395000 	C:\Windows\system32\DBGHELP.DLL
0x000007fef84d0000 - 0x000007fef84f9000 	C:\Program Files\Android\Android Studio\jre\bin\java.dll
0x000007fef84c0000 - 0x000007fef84cb000 	C:\Program Files\Android\Android Studio\jre\bin\jimage.dll
0x000007fef84a0000 - 0x000007fef84b8000 	C:\Program Files\Android\Android Studio\jre\bin\zip.dll
0x000007fefdc80000 - 0x000007fefea0b000 	C:\Windows\system32\SHELL32.dll
0x000007fefee90000 - 0x000007feff08f000 	C:\Windows\system32\ole32.dll
0x000007fefcba0000 - 0x000007fefcbaf000 	C:\Windows\system32\profapi.dll
0x000007fef8480000 - 0x000007fef849a000 	C:\Program Files\Android\Android Studio\jre\bin\net.dll
0x000007fefa740000 - 0x000007fefa7b1000 	C:\Windows\system32\WINHTTP.dll
0x000007fefa6d0000 - 0x000007fefa735000 	C:\Windows\system32\webio.dll
0x000007fefbfd0000 - 0x000007fefc025000 	C:\Windows\system32\mswsock.dll
0x000007fefbfc0000 - 0x000007fefbfc7000 	C:\Windows\System32\wship6.dll
0x000007fef7fe0000 - 0x000007fef7ff4000 	C:\Program Files\Android\Android Studio\jre\bin\nio.dll
0x000007fedbc00000 - 0x000007fedbc27000 	C:\Users\LENOVO\.gradle\native\e1d6ef7f7dcc3fd88c89a11ec53ec762bb8ba0a96d01ffa2cd45eb1d1d8dd5c5\windows-amd64\native-platform.dll
0x000007fef8470000 - 0x000007fef847a000 	C:\Program Files\Android\Android Studio\jre\bin\management.dll
0x000007fef8030000 - 0x000007fef803d000 	C:\Program Files\Android\Android Studio\jre\bin\management_ext.dll
0x000007fefc030000 - 0x000007fefc048000 	C:\Windows\system32\CRYPTSP.dll
0x000007fefbd30000 - 0x000007fefbd77000 	C:\Windows\system32\rsaenh.dll
0x000007fefcc80000 - 0x000007fefcc9f000 	C:\Windows\system32\USERENV.dll
0x000007fefc9d0000 - 0x000007fefc9df000 	C:\Windows\system32\CRYPTBASE.dll
0x000007fefafc0000 - 0x000007fefafe7000 	C:\Windows\system32\IPHLPAPI.DLL
0x000007fefafb0000 - 0x000007fefafbb000 	C:\Windows\system32\WINNSI.DLL
0x000007fefaf70000 - 0x000007fefaf88000 	C:\Windows\system32\dhcpcsvc.DLL
0x000007fefa390000 - 0x000007fefa3a1000 	C:\Windows\system32\dhcpcsvc6.DLL
0x000007fefada0000 - 0x000007fefadb5000 	C:\Windows\system32\NLAapi.dll
0x000007fef40c0000 - 0x000007fef40d5000 	C:\Windows\system32\napinsp.dll
0x000007fef40a0000 - 0x000007fef40b9000 	C:\Windows\system32\pnrpnsp.dll
0x000007fefbe50000 - 0x000007fefbeab000 	C:\Windows\system32\DNSAPI.dll
0x000007fef4d30000 - 0x000007fef4d3b000 	C:\Windows\System32\winrnr.dll
0x000007fef4090000 - 0x000007fef40a0000 	C:\Windows\system32\wshbth.dll
0x000007fefb650000 - 0x000007fefb657000 	C:\Windows\System32\wshtcpip.dll
0x000007fef69d0000 - 0x000007fef69d8000 	C:\Windows\system32\rasadhlp.dll
0x000007fefa670000 - 0x000007fefa6c3000 	C:\Windows\System32\fwpuclnt.dll
0x000007fefca80000 - 0x000007fefcad7000 	C:\Windows\system32\apphelp.dll
0x000007fecb2c0000 - 0x000007fecb2de000 	C:\Users\LENOVO\AppData\Local\Temp\native-platform2726196961214509500dir\native-platform.dll
0x000007fee7f20000 - 0x000007fee7f28000 	C:\Program Files\Android\Android Studio\jre\bin\rmi.dll

dbghelp: loaded successfully - version: 4.0.5 - missing functions: none
symbol engine: initialized successfully - sym options: 0x614 - pdb path: .;C:\Program Files\Android\Android Studio\jre\bin;C:\Windows\SYSTEM32;C:\Windows\WinSxS\amd64_microsoft.windows.common-controls_6595b64144ccf1df_6.0.7601.24483_none_e372d88f30fbb845;C:\Program Files\Android\Android Studio\jre\bin\server;C:\Users\LENOVO\.gradle\native\e1d6ef7f7dcc3fd88c89a11ec53ec762bb8ba0a96d01ffa2cd45eb1d1d8dd5c5\windows-amd64;C:\Users\LENOVO\AppData\Local\Temp\native-platform2726196961214509500dir

VM Arguments:
jvm_args: --add-opens=java.base/java.util=ALL-UNNAMED --add-opens=java.base/java.lang=ALL-UNNAMED --add-opens=java.base/java.lang.invoke=ALL-UNNAMED --add-opens=java.base/java.util=ALL-UNNAMED --add-opens=java.prefs/java.util.prefs=ALL-UNNAMED --add-opens=java.prefs/java.util.prefs=ALL-UNNAMED --add-opens=java.base/java.nio.charset=ALL-UNNAMED --add-opens=java.base/java.net=ALL-UNNAMED --add-opens=java.base/java.util.concurrent.atomic=ALL-UNNAMED -Xmx2048m -Dfile.encoding=UTF-8 -Duser.country=US -Duser.language=en -Duser.variant 
java_command: org.gradle.launcher.daemon.bootstrap.GradleDaemon 7.4
java_class_path (initial): C:\Users\LENOVO\.gradle\wrapper\dists\gradle-7.4-bin\c0gwcg53nkjbqw7r0h0umtfvt\gradle-7.4\lib\gradle-launcher-7.4.jar
Launcher Type: SUN_STANDARD

[Global flags]
     intx CICompilerCount                          = 3                                         {product} {ergonomic}
     uint ConcGCThreads                            = 1                                         {product} {ergonomic}
     uint G1ConcRefinementThreads                  = 4                                         {product} {ergonomic}
   size_t G1HeapRegionSize                         = 1048576                                   {product} {ergonomic}
    uintx GCDrainStackTargetSize                   = 64                                        {product} {ergonomic}
   size_t InitialHeapSize                          = 62914560                                  {product} {ergonomic}
   size_t MarkStackSize                            = 4194304                                   {product} {ergonomic}
   size_t MaxHeapSize                              = 2147483648                                {product} {command line}
   size_t MaxNewSize                               = 1287651328                                {product} {ergonomic}
   size_t MinHeapDeltaBytes                        = 1048576                                   {product} {ergonomic}
    uintx NonNMethodCodeHeapSize                   = 5830732                                {pd product} {ergonomic}
    uintx NonProfiledCodeHeapSize                  = 122913754                              {pd product} {ergonomic}
    uintx ProfiledCodeHeapSize                     = 122913754                              {pd product} {ergonomic}
    uintx ReservedCodeCacheSize                    = 251658240                              {pd product} {ergonomic}
     bool SegmentedCodeCache                       = true                                      {product} {ergonomic}
     bool UseCompressedClassPointers               = true                                 {lp64_product} {ergonomic}
     bool UseCompressedOops                        = true                                 {lp64_product} {ergonomic}
     bool UseG1GC                                  = true                                      {product} {ergonomic}
     bool UseLargePagesIndividualAllocation        = false                                  {pd product} {ergonomic}

Logging:
Log output configuration:
 #0: stdout all=warning uptime,level,tags
 #1: stderr all=off uptime,level,tags

Environment Variables:
PATH=C:\xampp\php;C:\Users\LENOVO\AppData\Local\Programs\Microsoft VS Code\bin;C:\Users\LENOVO\.dotnet\tools;C:\Users\LENOVO\AppData\Roaming\nvm;C:\Program Files\nodejs;C:\xampp\php;C:\Users\LENOVO\AppData\Local\ComposerSetup\bin;C:\Users\LENOVO\AppData\Roaming\Composer\vendor\bin
USERNAME=LENOVO
OS=Windows_NT
PROCESSOR_IDENTIFIER=Intel64 Family 6 Model 58 Stepping 9, GenuineIntel



---------------  S Y S T E M  ---------------

OS: Windows 7 , 64 bit Build 7601 (6.1.7601.24545)
OS uptime: 0 days 1:31 hours

CPU:total 4 (initial active 4) (2 cores per cpu, 2 threads per core) family 6 model 58 stepping 9 microcode 0x0, cmov, cx8, fxsr, mmx, sse, sse2, sse3, ssse3, sse4.1, sse4.2, popcnt, avx, aes, clmul, erms, ht, tsc, tscinvbit, tscinv

Memory: 4k page, system-wide physical 3791M (75M free)
TotalPageFile size 8216M (AvailPageFile size 681M)
current process WorkingSet (physical memory assigned to process): 636M, peak: 636M
current process commit charge ("private bytes"): 716M, peak: 1398M

vm_info: OpenJDK 64-Bit Server VM (11.0.13+0-b1751.21-8125866) for windows-amd64 JRE (11.0.13+0-b1751.21-8125866), built on Feb  2 2022 03:00:22 by "builder" with MS VC++ 14.0 (VS2015)

END.
